{"date":"2024-03-14T23:07:32.035Z","url":"/signin","method":"POST"}
{"date":"2024-03-14T23:07:37.462Z","url":"/signout","method":"POST"}
{"date":"2024-03-16T15:31:38.932Z","url":"/img/question.png","method":"GET"}
{"date":"2024-03-16T15:33:09.809Z","url":"/signin","method":"POST"}
{"date":"2024-03-16T15:33:13.184Z","url":"/signout","method":"POST"}
{"date":"2024-04-03T06:35:36.432Z","url":"/Account/img/question.svg","method":"GET"}
{"date":"2024-04-03T06:35:50.667Z","url":"/signup","method":"POST"}
{"date":"2024-04-03T06:36:09.166Z","url":"/Member/img/question.svg","method":"GET"}
{"date":"2024-04-03T06:36:15.043Z","url":"/signout","method":"POST"}
{"date":"2024-04-03T06:55:09.115Z","url":"/signin","method":"POST"}
{"date":"2024-04-03T06:58:53.632Z","url":"/signout","method":"POST"}
{"date":"2024-04-03T06:58:59.325Z","url":"/signup","method":"POST"}
{"date":"2024-04-03T06:59:07.752Z","url":"/signin","method":"POST"}
{"date":"2024-04-03T07:01:57.010Z","url":"/signin","method":"POST"}
{"date":"2024-04-03T07:02:38.653Z","url":"/signin","method":"POST"}
{"date":"2024-04-03T07:05:10.008Z","url":"/signout","method":"POST"}
{"date":"2024-04-03T07:05:13.222Z","url":"/css/bootstrap.min.css.map","method":"GET"}
{"date":"2024-04-03T07:27:40.834Z","url":"/signup","method":"POST"}
{"date":"2024-04-03T07:28:11.330Z","url":"/signout","method":"POST"}
{"date":"2024-04-03T18:09:36.952Z","url":"/css/solar.min.css","method":"GET"}
{"date":"2024-04-03T18:09:53.237Z","url":"/css/solar.min.css","method":"GET"}
{"date":"2024-04-03T18:51:13.814Z","url":"/About","method":"GET"}
{"date":"2024-04-03T18:54:53.778Z","url":"/Home","method":"GET"}
{"date":"2024-04-03T18:56:38.076Z","url":"/Account/img/logo_ico.png","method":"GET"}
{"date":"2024-04-03T18:56:51.267Z","url":"/signup","method":"POST"}
{"date":"2024-04-03T18:56:59.282Z","url":"/signin","method":"POST"}
{"date":"2024-04-03T18:56:59.405Z","url":"/Member/img/logo_ico.png","method":"GET"}
{"date":"2024-04-03T19:46:06.502Z","url":"/signout","method":"POST"}
{"date":"2024-04-03T19:46:19.646Z","url":"/signin","method":"POST"}
{"date":"2024-04-03T19:46:44.793Z","url":"/signout","method":"POST"}
{"date":"2024-04-03T19:46:47.365Z","url":"/signin","method":"POST"}
{"date":"2024-04-03T19:47:04.938Z","url":"/signin","method":"POST"}
{"date":"2024-04-03T19:59:01.158Z","url":"/signout","method":"POST"}
{"date":"2024-04-03T19:59:13.489Z","url":"/signin","method":"POST"}
{"date":"2024-04-03T20:02:00.033Z","url":"/signin","method":"POST"}
{"date":"2024-04-03T20:03:26.528Z","url":"/signin","method":"POST"}
{"date":"2024-04-03T20:06:46.064Z","url":"/signin","method":"POST"}
{"date":"2024-04-03T20:10:24.814Z","url":"/signin","method":"POST"}
{"date":"2024-04-03T20:10:36.449Z","url":"/Member/Wines","method":"GET"}
{"date":"2024-04-03T20:10:47.113Z","url":"/signin","method":"POST"}
{"date":"2024-04-03T20:11:19.934Z","url":"/signout","method":"POST"}
{"date":"2024-04-03T20:11:33.788Z","url":"/signin","method":"POST"}
{"date":"2024-04-03T20:31:33.001Z","url":"/signin","method":"POST"}
{"date":"2024-04-03T20:34:19.306Z","url":"/signin","method":"POST"}
{"date":"2024-04-03T21:02:35.979Z","url":"/signin","method":"POST"}
{"date":"2024-04-03T21:05:48.275Z","url":"/signin","method":"POST"}
{"date":"2024-04-03T21:05:50.982Z","url":"/Member/data/regions.json","method":"GET"}
{"date":"2024-04-03T21:05:56.971Z","url":"/Member/data/regions.json","method":"GET"}
{"date":"2024-04-03T21:07:53.303Z","url":"/signin","method":"POST"}
{"date":"2024-04-03T21:07:55.404Z","url":"/Member/data/regions.json","method":"GET"}
{"date":"2024-04-03T21:08:01.656Z","url":"/Member/data/regions.json","method":"GET"}
{"date":"2024-04-03T21:09:42.173Z","url":"/signout","method":"POST"}
{"date":"2024-04-03T21:09:52.978Z","url":"/signin","method":"POST"}
{"date":"2024-04-03T21:09:56.395Z","url":"/css/bootstrap.min.css.map","method":"GET"}
{"date":"2024-04-03T21:10:05.601Z","url":"/Member/data/regions.json","method":"GET"}
{"date":"2024-04-03T21:11:26.981Z","url":"/Member/data/regions.json","method":"GET"}
{"date":"2024-04-04T04:43:43.425Z","url":"/css/bootstrap.min.css.map","method":"GET"}
{"date":"2024-04-04T04:43:43.618Z","url":"/css/bootstrap.min.css.map","method":"GET"}
{"date":"2024-04-04T04:44:12.289Z","url":"/signin","method":"POST"}
{"date":"2024-04-04T04:44:17.061Z","url":"/css/bootstrap.min.css.map","method":"GET"}
{"date":"2024-04-04T04:45:07.206Z","url":"/css/bootstrap.min.css.map","method":"GET"}
{"date":"2024-04-04T04:45:07.385Z","url":"/css/bootstrap.min.css.map","method":"GET"}
{"date":"2024-04-04T04:45:18.109Z","url":"/signin","method":"POST"}
{"date":"2024-04-04T04:45:24.504Z","url":"/views/data/regions.json","method":"GET"}
{"date":"2024-04-04T04:47:44.864Z","url":"/css/bootstrap.min.css.map","method":"GET"}
{"date":"2024-04-04T04:47:45.017Z","url":"/css/bootstrap.min.css.map","method":"GET"}
{"date":"2024-04-04T04:47:56.782Z","url":"/signin","method":"POST"}
{"date":"2024-04-04T04:48:00.188Z","url":"/Member/data/regions.json","method":"GET"}
{"date":"2024-04-04T04:51:31.624Z","url":"/css/","method":"GET"}
{"date":"2024-04-04T04:51:31.697Z","url":"/css/bootstrap.min.css.map","method":"GET"}
{"date":"2024-04-04T05:08:14.564Z","url":"/css/bootstrap.min.css.map","method":"GET"}
{"date":"2024-04-04T05:08:46.281Z","url":"/css/bootstrap.min.css.map","method":"GET"}
{"date":"2024-04-04T05:09:41.790Z","url":"/signup","method":"POST"}
{"date":"2024-04-04T05:15:28.717Z","url":"/css/bootstrap.min.css.map","method":"GET"}
{"date":"2024-04-04T05:15:32.287Z","url":"/signup","method":"POST"}
{"date":"2024-04-04T05:46:31.017Z","url":"/signout","method":"POST"}
{"date":"2024-04-04T05:46:36.664Z","url":"/css/bootstrap.min.css.map","method":"GET"}
{"date":"2024-04-04T05:46:45.599Z","url":"/signin","method":"POST"}
{"date":"2024-04-04T05:47:12.148Z","url":"/signout","method":"POST"}
{"date":"2024-04-04T05:47:20.205Z","url":"/css/bootstrap.min.css.map","method":"GET"}
{"date":"2024-04-04T05:47:24.408Z","url":"/signin","method":"POST"}
{"date":"2024-04-04T05:50:47.141Z","url":"/css/bootstrap.min.css.map","method":"GET"}
{"date":"2024-04-04T05:50:47.282Z","url":"/css/bootstrap.min.css.map","method":"GET"}
{"date":"2024-04-04T05:51:00.763Z","url":"/signin","method":"POST"}
{"date":"2024-04-04T05:52:54.172Z","url":"/signout","method":"POST"}
{"date":"2024-04-04T05:52:57.325Z","url":"/css/bootstrap.min.css.map","method":"GET"}
{"date":"2024-04-04T05:52:57.439Z","url":"/css/bootstrap.min.css.map","method":"GET"}
{"date":"2024-04-04T05:53:00.986Z","url":"/css/bootstrap.min.css.map","method":"GET"}
{"date":"2024-04-04T05:53:01.067Z","url":"/css/bootstrap.min.css.map","method":"GET"}
{"date":"2024-04-04T05:53:04.254Z","url":"/css/bootstrap.min.css.map","method":"GET"}
{"date":"2024-04-04T05:53:06.821Z","url":"/css/bootstrap.min.css.map","method":"GET"}
{"date":"2024-04-04T05:53:06.922Z","url":"/css/bootstrap.min.css.map","method":"GET"}
{"date":"2024-04-04T06:17:52.095Z","url":"/signin","method":"POST"}
{"date":"2024-04-04T06:18:00.028Z","url":"/css/bootstrap.min.css.map","method":"GET"}
{"date":"2024-04-04T06:18:36.423Z","url":"/Member/Wines","method":"GET"}
{"date":"2024-04-04T06:18:39.423Z","url":"/css/bootstrap.min.css.map","method":"GET"}
{"date":"2024-04-04T06:18:49.556Z","url":"/signin","method":"POST"}
{"date":"2024-04-04T06:21:01.961Z","url":"/signout","method":"POST"}
{"date":"2024-04-04T06:21:06.371Z","url":"/css/bootstrap.min.css.map","method":"GET"}
{"date":"2024-04-04T06:21:06.468Z","url":"/css/bootstrap.min.css.map","method":"GET"}
{"date":"2024-04-04T06:21:14.880Z","url":"/signin","method":"POST"}
{"date":"2024-04-04T06:21:16.714Z","url":"/signin","method":"POST"}
{"date":"2024-04-04T06:21:30.061Z","url":"/signin","method":"POST"}
{"date":"2024-04-04T06:21:43.083Z","url":"/signin","method":"POST"}
{"date":"2024-04-04T06:22:33.333Z","url":"/signin","method":"POST"}
{"date":"2024-04-04T06:22:47.472Z","url":"/css/bootstrap.min.css.map","method":"GET"}
{"date":"2024-04-04T06:22:47.536Z","url":"/css/bootstrap.min.css.map","method":"GET"}
{"date":"2024-04-04T06:22:55.223Z","url":"/signin","method":"POST"}
{"date":"2024-04-04T06:26:16.702Z","url":"/css/bootstrap.min.css.map","method":"GET"}
{"date":"2024-04-04T06:26:16.792Z","url":"/css/bootstrap.min.css.map","method":"GET"}
{"date":"2024-04-04T06:26:26.019Z","url":"/signin","method":"POST"}
{"date":"2024-04-04T06:28:43.777Z","url":"/css/bootstrap.min.css.map","method":"GET"}
{"date":"2024-04-04T06:28:43.848Z","url":"/css/bootstrap.min.css.map","method":"GET"}
{"date":"2024-04-04T06:28:53.613Z","url":"/signin","method":"POST"}
{"date":"2024-04-04T06:29:25.198Z","url":"/css/bootstrap.min.css.map","method":"GET"}
{"date":"2024-04-04T06:29:25.281Z","url":"/css/bootstrap.min.css.map","method":"GET"}
{"date":"2024-04-04T06:29:36.101Z","url":"/signin","method":"POST"}
{"date":"2024-04-04T06:29:40.453Z","url":"/signin","method":"POST"}
{"date":"2024-04-04T06:31:22.793Z","url":"/css/bootstrap.min.css.map","method":"GET"}
{"date":"2024-04-04T06:31:22.887Z","url":"/css/bootstrap.min.css.map","method":"GET"}
{"date":"2024-04-04T06:31:32.146Z","url":"/signin","method":"POST"}
{"date":"2024-04-04T06:36:33.909Z","url":"/css/bootstrap.min.css.map","method":"GET"}
{"date":"2024-04-04T06:36:34.013Z","url":"/css/bootstrap.min.css.map","method":"GET"}
{"date":"2024-04-04T06:36:50.571Z","url":"/signin","method":"POST"}
{"date":"2024-04-04T06:37:44.597Z","url":"/css/bootstrap.min.css.map","method":"GET"}
{"date":"2024-04-04T06:37:44.722Z","url":"/css/bootstrap.min.css.map","method":"GET"}
{"date":"2024-04-04T06:37:54.191Z","url":"/signin","method":"POST"}
{"date":"2024-04-04T06:37:56.937Z","url":"/region","method":"POST"}
{"date":"2024-04-04T06:40:48.609Z","url":"/css/bootstrap.min.css.map","method":"GET"}
{"date":"2024-04-04T06:40:48.705Z","url":"/css/bootstrap.min.css.map","method":"GET"}
{"date":"2024-04-04T06:40:59.062Z","url":"/signin","method":"POST"}
{"date":"2024-04-04T06:41:01.251Z","url":"/region","method":"POST"}
{"date":"2024-04-04T06:42:14.429Z","url":"/css/bootstrap.min.css.map","method":"GET"}
{"date":"2024-04-04T06:42:14.511Z","url":"/css/bootstrap.min.css.map","method":"GET"}
{"date":"2024-04-04T06:42:27.002Z","url":"/signin","method":"POST"}
{"date":"2024-04-04T06:42:29.929Z","url":"/region","method":"POST"}
{"date":"2024-04-04T06:46:22.169Z","url":"/css/bootstrap.min.css.map","method":"GET"}
{"date":"2024-04-04T06:46:22.286Z","url":"/css/bootstrap.min.css.map","method":"GET"}
{"date":"2024-04-04T06:46:35.439Z","url":"/signin","method":"POST"}
{"date":"2024-04-04T06:47:48.756Z","url":"/css/bootstrap.min.css.map","method":"GET"}
{"date":"2024-04-04T06:47:48.826Z","url":"/css/bootstrap.min.css.map","method":"GET"}
{"date":"2024-04-04T06:47:58.936Z","url":"/signin","method":"POST"}
{"date":"2024-04-04T06:48:22.845Z","url":"/css/bootstrap.min.css.map","method":"GET"}
{"date":"2024-04-04T06:48:22.922Z","url":"/css/bootstrap.min.css.map","method":"GET"}
{"date":"2024-04-04T06:48:36.057Z","url":"/signin","method":"POST"}
{"date":"2024-04-04T06:48:38.657Z","url":"/region","method":"POST"}
{"date":"2024-04-04T06:49:32.228Z","url":"/css/bootstrap.min.css.map","method":"GET"}
{"date":"2024-04-04T06:49:32.310Z","url":"/css/bootstrap.min.css.map","method":"GET"}
{"date":"2024-04-04T06:49:44.221Z","url":"/signin","method":"POST"}
{"date":"2024-04-04T06:49:46.276Z","url":"/region","method":"POST"}
{"date":"2024-04-04T06:50:36.908Z","url":"/css/bootstrap.min.css.map","method":"GET"}
{"date":"2024-04-04T06:50:37.016Z","url":"/css/bootstrap.min.css.map","method":"GET"}
{"date":"2024-04-04T06:50:44.775Z","url":"/signin","method":"POST"}
{"date":"2024-04-04T06:50:47.200Z","url":"/region","method":"POST"}
{"date":"2024-04-04T06:50:50.831Z","url":"/region","method":"POST"}
{"date":"2024-04-04T06:51:09.205Z","url":"/region","method":"POST"}
{"date":"2024-04-04T06:51:25.921Z","url":"/region","method":"POST"}
{"date":"2024-04-04T06:51:29.668Z","url":"/region","method":"POST"}
{"date":"2024-04-04T06:51:37.209Z","url":"/region","method":"POST"}
{"date":"2024-04-04T18:58:01.196Z","url":"/css/bootstrap.min.css.map","method":"GET"}
{"date":"2024-04-04T18:58:13.621Z","url":"/signin","method":"POST"}
{"date":"2024-04-04T18:58:17.216Z","url":"/region","method":"POST"}
{"date":"2024-04-04T19:00:29.024Z","url":"/css/bootstrap.min.css.map","method":"GET"}
{"date":"2024-04-04T19:00:29.159Z","url":"/css/bootstrap.min.css.map","method":"GET"}
{"date":"2024-04-04T19:00:29.201Z","url":"/models/data/regions.json","method":"GET"}
{"date":"2024-04-04T19:00:41.554Z","url":"/signin","method":"POST"}
{"date":"2024-04-04T19:01:54.622Z","url":"/css/bootstrap.min.css.map","method":"GET"}
{"date":"2024-04-04T19:01:54.697Z","url":"/css/bootstrap.min.css.map","method":"GET"}
{"date":"2024-04-04T19:01:54.796Z","url":"/region","method":"POST"}
{"date":"2024-04-04T19:02:03.660Z","url":"/signin","method":"POST"}
{"date":"2024-04-04T19:04:42.621Z","url":"/css/bootstrap.min.css.map","method":"GET"}
{"date":"2024-04-04T19:04:42.728Z","url":"/css/bootstrap.min.css.map","method":"GET"}
{"date":"2024-04-04T19:04:42.853Z","url":"/region","method":"POST"}
{"date":"2024-04-04T19:04:59.687Z","url":"/signin","method":"POST"}
{"date":"2024-04-04T19:05:02.150Z","url":"/region","method":"POST"}
{"date":"2024-04-04T19:08:08.387Z","url":"/css/bootstrap.min.css.map","method":"GET"}
{"date":"2024-04-04T19:08:08.517Z","url":"/css/bootstrap.min.css.map","method":"GET"}
{"date":"2024-04-04T19:08:08.668Z","url":"/region","method":"POST"}
{"date":"2024-04-04T19:08:22.029Z","url":"/signin","method":"POST"}
{"date":"2024-04-04T19:08:23.933Z","url":"/region","method":"POST"}
{"date":"2024-04-04T19:16:15.211Z","url":"/css/bootstrap.min.css.map","method":"GET"}
{"date":"2024-04-04T19:16:15.342Z","url":"/css/bootstrap.min.css.map","method":"GET"}
{"date":"2024-04-04T19:16:15.490Z","url":"/region","method":"POST"}
{"date":"2024-04-04T19:16:26.233Z","url":"/signin","method":"POST"}
{"date":"2024-04-04T19:16:28.976Z","url":"/region","method":"POST"}
{"date":"2024-04-04T19:16:30.720Z","url":"/wines","method":"GET"}
{"date":"2024-04-04T19:43:35.564Z","url":"/region","method":"POST"}
{"date":"2024-04-04T19:43:43.994Z","url":"/signin","method":"POST"}
{"date":"2024-04-04T19:43:47.365Z","url":"/region","method":"POST"}
{"date":"2024-04-04T19:43:51.648Z","url":"/css/bootstrap.min.css.map","method":"GET"}
{"date":"2024-04-04T19:44:11.826Z","url":"/wines","method":"GET"}
{"date":"2024-04-04T19:45:23.319Z","url":"/css/bootstrap.min.css.map","method":"GET"}
{"date":"2024-04-04T19:45:23.485Z","url":"/css/bootstrap.min.css.map","method":"GET"}
{"date":"2024-04-04T19:45:23.750Z","url":"/region","method":"POST"}
{"date":"2024-04-04T19:45:33.646Z","url":"/signin","method":"POST"}
{"date":"2024-04-04T19:45:36.271Z","url":"/region","method":"POST"}
{"date":"2024-04-04T19:46:27.901Z","url":"/css/bootstrap.min.css.map","method":"GET"}
{"date":"2024-04-04T19:46:28.079Z","url":"/css/bootstrap.min.css.map","method":"GET"}
{"date":"2024-04-04T19:46:28.299Z","url":"/region","method":"POST"}
{"date":"2024-04-04T19:46:38.849Z","url":"/signin","method":"POST"}
{"date":"2024-04-04T19:46:41.240Z","url":"/region","method":"POST"}
{"date":"2024-04-04T19:46:42.342Z","url":"/wines","method":"GET"}
{"date":"2024-04-04T19:49:41.625Z","url":"/css/bootstrap.min.css.map","method":"GET"}
{"date":"2024-04-04T19:49:41.740Z","url":"/css/bootstrap.min.css.map","method":"GET"}
{"date":"2024-04-04T19:49:41.929Z","url":"/region","method":"POST"}
{"date":"2024-04-04T19:49:54.977Z","url":"/signin","method":"POST"}
{"date":"2024-04-04T19:49:56.719Z","url":"/region","method":"POST"}
{"date":"2024-04-04T19:49:57.779Z","url":"/wines","method":"GET"}
{"date":"2024-04-04T19:57:29.388Z","url":"/css/bootstrap.min.css.map","method":"GET"}
{"date":"2024-04-04T19:57:29.552Z","url":"/css/bootstrap.min.css.map","method":"GET"}
{"date":"2024-04-04T19:57:29.814Z","url":"/region","method":"POST"}
{"date":"2024-04-04T19:57:40.816Z","url":"/signin","method":"POST"}
{"date":"2024-04-04T19:57:42.602Z","url":"/region","method":"POST"}
{"date":"2024-04-04T20:00:10.666Z","url":"/css/bootstrap.min.css.map","method":"GET"}
{"date":"2024-04-04T20:00:10.831Z","url":"/css/bootstrap.min.css.map","method":"GET"}
{"date":"2024-04-04T20:00:11.014Z","url":"/region","method":"POST"}
{"date":"2024-04-04T20:00:21.089Z","url":"/signin","method":"POST"}
{"date":"2024-04-04T20:00:22.898Z","url":"/region","method":"POST"}
{"date":"2024-04-04T20:00:23.938Z","url":"/wines","method":"GET"}
{"date":"2024-04-04T20:07:04.910Z","url":"/css/bootstrap.min.css.map","method":"GET"}
{"date":"2024-04-04T20:07:05.076Z","url":"/css/bootstrap.min.css.map","method":"GET"}
{"date":"2024-04-04T20:07:05.298Z","url":"/region","method":"POST"}
{"date":"2024-04-04T20:07:14.544Z","url":"/signin","method":"POST"}
{"date":"2024-04-04T20:07:22.099Z","url":"/region","method":"POST"}
{"date":"2024-04-04T20:07:28.146Z","url":"/wines","method":"GET"}
{"date":"2024-04-04T20:07:35.088Z","url":"/wines","method":"GET"}
{"date":"2024-04-04T20:07:56.912Z","url":"/wines","method":"GET"}
{"date":"2024-04-04T20:09:05.953Z","url":"/css/bootstrap.min.css.map","method":"GET"}
{"date":"2024-04-04T20:09:06.122Z","url":"/css/bootstrap.min.css.map","method":"GET"}
{"date":"2024-04-04T20:09:06.375Z","url":"/region","method":"POST"}
{"date":"2024-04-04T20:09:26.004Z","url":"/signin","method":"POST"}
{"date":"2024-04-04T20:09:28.736Z","url":"/region","method":"POST"}
{"date":"2024-04-04T20:09:32.543Z","url":"/wines","method":"GET"}
{"date":"2024-04-04T20:11:32.656Z","url":"/css/bootstrap.min.css.map","method":"GET"}
{"date":"2024-04-04T20:11:32.777Z","url":"/css/bootstrap.min.css.map","method":"GET"}
{"date":"2024-04-04T20:11:33.019Z","url":"/region","method":"POST"}
{"date":"2024-04-04T20:11:41.842Z","url":"/signin","method":"POST"}
{"date":"2024-04-04T20:11:58.563Z","url":"/region","method":"POST"}
{"date":"2024-04-04T20:12:00.678Z","url":"/wines","method":"GET"}
{"date":"2024-04-04T20:13:15.979Z","url":"/css/bootstrap.min.css.map","method":"GET"}
{"date":"2024-04-04T20:13:16.165Z","url":"/css/bootstrap.min.css.map","method":"GET"}
{"date":"2024-04-04T20:13:16.453Z","url":"/region","method":"POST"}
{"date":"2024-04-04T20:13:24.269Z","url":"/signin","method":"POST"}
{"date":"2024-04-04T20:13:27.477Z","url":"/region","method":"POST"}
{"date":"2024-04-04T20:13:29.338Z","url":"/wines","method":"GET"}
{"date":"2024-04-04T20:14:42.045Z","url":"/css/bootstrap.min.css.map","method":"GET"}
{"date":"2024-04-04T20:14:42.190Z","url":"/css/bootstrap.min.css.map","method":"GET"}
{"date":"2024-04-04T20:14:42.452Z","url":"/region","method":"POST"}
{"date":"2024-04-04T20:14:49.918Z","url":"/signin","method":"POST"}
{"date":"2024-04-04T20:14:53.083Z","url":"/region","method":"POST"}
{"date":"2024-04-04T20:14:54.661Z","url":"/wines","method":"GET"}
{"date":"2024-04-04T20:15:36.541Z","url":"/css/bootstrap.min.css.map","method":"GET"}
{"date":"2024-04-04T20:15:36.675Z","url":"/css/bootstrap.min.css.map","method":"GET"}
{"date":"2024-04-04T20:15:36.835Z","url":"/region","method":"POST"}
{"date":"2024-04-04T20:15:51.533Z","url":"/signin","method":"POST"}
{"date":"2024-04-04T20:15:54.171Z","url":"/region","method":"POST"}
{"date":"2024-04-04T20:15:56.211Z","url":"/wines","method":"GET"}
{"date":"2024-04-04T20:17:21.839Z","url":"/css/bootstrap.min.css.map","method":"GET"}
{"date":"2024-04-04T20:17:22.053Z","url":"/css/bootstrap.min.css.map","method":"GET"}
{"date":"2024-04-04T20:17:22.321Z","url":"/region","method":"POST"}
{"date":"2024-04-04T20:17:31.149Z","url":"/signin","method":"POST"}
{"date":"2024-04-04T20:17:34.231Z","url":"/region","method":"POST"}
{"date":"2024-04-04T20:17:36.156Z","url":"/wines","method":"GET"}
{"date":"2024-04-04T20:18:11.681Z","url":"/css/bootstrap.min.css.map","method":"GET"}
{"date":"2024-04-04T20:18:11.845Z","url":"/css/bootstrap.min.css.map","method":"GET"}
{"date":"2024-04-04T20:18:12.079Z","url":"/region","method":"POST"}
{"date":"2024-04-04T20:18:19.344Z","url":"/signin","method":"POST"}
{"date":"2024-04-04T20:18:21.960Z","url":"/region","method":"POST"}
{"date":"2024-04-04T20:18:26.078Z","url":"/wines","method":"GET"}
{"date":"2024-04-04T20:19:37.220Z","url":"/css/bootstrap.min.css.map","method":"GET"}
{"date":"2024-04-04T20:19:37.347Z","url":"/css/bootstrap.min.css.map","method":"GET"}
{"date":"2024-04-04T20:19:37.565Z","url":"/region","method":"POST"}
{"date":"2024-04-04T20:19:55.663Z","url":"/signin","method":"POST"}
{"date":"2024-04-04T20:20:04.571Z","url":"/region","method":"POST"}
{"date":"2024-04-04T20:20:07.408Z","url":"/wines","method":"GET"}
{"date":"2024-04-04T20:22:12.309Z","url":"/css/bootstrap.min.css.map","method":"GET"}
{"date":"2024-04-04T20:22:12.463Z","url":"/css/bootstrap.min.css.map","method":"GET"}
{"date":"2024-04-04T20:22:12.743Z","url":"/region","method":"POST"}
{"date":"2024-04-04T20:22:21.604Z","url":"/signin","method":"POST"}
{"date":"2024-04-04T20:22:24.566Z","url":"/region","method":"POST"}
{"date":"2024-04-04T20:22:25.699Z","url":"/wines","method":"GET"}
{"date":"2024-04-04T20:23:19.872Z","url":"/css/bootstrap.min.css.map","method":"GET"}
{"date":"2024-04-04T20:23:20.038Z","url":"/css/bootstrap.min.css.map","method":"GET"}
{"date":"2024-04-04T20:23:20.279Z","url":"/region","method":"POST"}
{"date":"2024-04-04T20:23:27.978Z","url":"/signin","method":"POST"}
{"date":"2024-04-04T20:23:30.595Z","url":"/region","method":"POST"}
{"date":"2024-04-04T20:23:31.600Z","url":"/wines","method":"GET"}
{"date":"2024-04-04T20:24:36.633Z","url":"/css/bootstrap.min.css.map","method":"GET"}
{"date":"2024-04-04T20:24:36.858Z","url":"/css/bootstrap.min.css.map","method":"GET"}
{"date":"2024-04-04T20:24:37.065Z","url":"/region","method":"POST"}
{"date":"2024-04-04T20:24:45.353Z","url":"/signin","method":"POST"}
{"date":"2024-04-04T20:24:49.848Z","url":"/region","method":"POST"}
{"date":"2024-04-04T20:24:51.060Z","url":"/wines","method":"GET"}
{"date":"2024-04-04T20:25:00.919Z","url":"/region","method":"POST"}
{"date":"2024-04-04T20:25:02.685Z","url":"/wines","method":"GET"}
{"date":"2024-04-04T20:25:29.903Z","url":"/region","method":"POST"}
{"date":"2024-04-04T20:25:32.055Z","url":"/wines","method":"GET"}
{"date":"2024-04-04T20:27:56.091Z","url":"/css/bootstrap.min.css.map","method":"GET"}
{"date":"2024-04-04T20:27:56.249Z","url":"/css/bootstrap.min.css.map","method":"GET"}
{"date":"2024-04-04T20:27:56.390Z","url":"/region","method":"POST"}
{"date":"2024-04-04T20:28:04.616Z","url":"/signin","method":"POST"}
{"date":"2024-04-04T20:28:07.986Z","url":"/region","method":"POST"}
{"date":"2024-04-04T20:28:09.999Z","url":"/wines","method":"GET"}
{"date":"2024-04-04T20:28:28.933Z","url":"/css/bootstrap.min.css.map","method":"GET"}
{"date":"2024-04-04T20:28:29.096Z","url":"/css/bootstrap.min.css.map","method":"GET"}
{"date":"2024-04-04T20:28:29.288Z","url":"/region","method":"POST"}
{"date":"2024-04-04T20:28:38.141Z","url":"/signin","method":"POST"}
{"date":"2024-04-04T20:28:42.649Z","url":"/region","method":"POST"}
{"date":"2024-04-04T20:28:44.199Z","url":"/wines","method":"GET"}
{"date":"2024-04-04T20:31:32.288Z","url":"/css/bootstrap.min.css.map","method":"GET"}
{"date":"2024-04-04T20:31:32.437Z","url":"/css/bootstrap.min.css.map","method":"GET"}
{"date":"2024-04-04T20:31:32.641Z","url":"/region","method":"POST"}
{"date":"2024-04-04T20:31:40.227Z","url":"/signin","method":"POST"}
{"date":"2024-04-04T20:31:51.381Z","url":"/region","method":"POST"}
{"date":"2024-04-04T20:31:53.816Z","url":"/wines","method":"GET"}
{"date":"2024-04-04T20:33:22.442Z","url":"/wines","method":"GET"}
{"date":"2024-04-04T20:39:34.299Z","url":"/css/bootstrap.min.css.map","method":"GET"}
{"date":"2024-04-04T20:39:34.507Z","url":"/css/bootstrap.min.css.map","method":"GET"}
{"date":"2024-04-04T20:39:34.780Z","url":"/region","method":"POST"}
{"date":"2024-04-04T20:39:41.877Z","url":"/signin","method":"POST"}
{"date":"2024-04-04T20:39:44.897Z","url":"/region","method":"POST"}
{"date":"2024-04-04T20:39:46.195Z","url":"/wines","method":"GET"}
{"date":"2024-04-04T20:47:23.024Z","url":"/css/bootstrap.min.css.map","method":"GET"}
{"date":"2024-04-04T20:47:23.176Z","url":"/css/bootstrap.min.css.map","method":"GET"}
{"date":"2024-04-04T20:47:23.439Z","url":"/region","method":"POST"}
{"date":"2024-04-04T20:47:31.080Z","url":"/signin","method":"POST"}
{"date":"2024-04-04T20:47:32.872Z","url":"/region","method":"POST"}
{"date":"2024-04-04T20:47:34.195Z","url":"/wines","method":"GET"}
{"date":"2024-04-04T20:48:35.211Z","url":"/css/bootstrap.min.css.map","method":"GET"}
{"date":"2024-04-04T20:48:35.349Z","url":"/css/bootstrap.min.css.map","method":"GET"}
{"date":"2024-04-04T20:48:35.521Z","url":"/region","method":"POST"}
{"date":"2024-04-04T20:48:43.142Z","url":"/signin","method":"POST"}
{"date":"2024-04-04T20:48:45.428Z","url":"/region","method":"POST"}
{"date":"2024-04-04T20:48:46.654Z","url":"/wines","method":"GET"}
{"date":"2024-04-04T20:50:23.561Z","url":"/css/bootstrap.min.css.map","method":"GET"}
{"date":"2024-04-04T20:50:23.787Z","url":"/region","method":"POST"}
{"date":"2024-04-04T20:50:23.801Z","url":"/css/bootstrap.min.css.map","method":"GET"}
{"date":"2024-04-04T20:50:33.172Z","url":"/signin","method":"POST"}
{"date":"2024-04-04T20:50:35.441Z","url":"/region","method":"POST"}
{"date":"2024-04-04T20:50:36.589Z","url":"/wines","method":"GET"}
{"date":"2024-04-04T20:52:46.730Z","url":"/css/bootstrap.min.css.map","method":"GET"}
{"date":"2024-04-04T20:52:46.873Z","url":"/css/bootstrap.min.css.map","method":"GET"}
{"date":"2024-04-04T20:52:47.200Z","url":"/region","method":"POST"}
{"date":"2024-04-04T20:52:54.634Z","url":"/signin","method":"POST"}
{"date":"2024-04-04T20:52:57.677Z","url":"/region","method":"POST"}
{"date":"2024-04-04T20:53:03.654Z","url":"/wines","method":"GET"}
{"date":"2024-04-04T20:55:49.882Z","url":"/css/bootstrap.min.css.map","method":"GET"}
{"date":"2024-04-04T20:55:50.024Z","url":"/css/bootstrap.min.css.map","method":"GET"}
{"date":"2024-04-04T20:55:50.259Z","url":"/region","method":"POST"}
{"date":"2024-04-04T20:55:59.626Z","url":"/signin","method":"POST"}
{"date":"2024-04-04T20:56:02.843Z","url":"/region","method":"POST"}
{"date":"2024-04-04T20:56:04.581Z","url":"/wines","method":"GET"}
{"date":"2024-04-04T20:56:10.559Z","url":"/wines","method":"GET"}
{"date":"2024-04-04T20:56:56.212Z","url":"/region","method":"POST"}
{"date":"2024-04-04T20:56:57.895Z","url":"/wines","method":"GET"}
{"date":"2024-04-05T01:33:22.448Z","url":"/region","method":"POST"}
{"date":"2024-04-05T01:33:33.418Z","url":"/signin","method":"POST"}
{"date":"2024-04-05T01:33:37.001Z","url":"/region","method":"POST"}
{"date":"2024-04-05T01:33:38.740Z","url":"/wines","method":"GET"}
{"date":"2024-04-05T01:38:55.964Z","url":"/region","method":"POST"}
{"date":"2024-04-05T01:39:06.090Z","url":"/signin","method":"POST"}
{"date":"2024-04-05T01:48:31.543Z","url":"/img/grape.jpg","method":"GET"}
{"date":"2024-04-05T01:52:14.167Z","url":"/img/grape.jpg","method":"GET"}
{"date":"2024-04-05T01:52:14.380Z","url":"/region","method":"POST"}
{"date":"2024-04-05T01:53:28.427Z","url":"/img/grape.jpg","method":"GET"}
{"date":"2024-04-05T01:53:28.449Z","url":"/css/bootstrap.min.css.map","method":"GET"}
{"date":"2024-04-05T01:53:28.652Z","url":"/region","method":"POST"}
{"date":"2024-04-05T01:53:28.662Z","url":"/grapes","method":"GET"}
{"date":"2024-04-05T01:53:28.661Z","url":"/css/bootstrap.min.css.map","method":"GET"}
{"date":"2024-04-05T01:53:36.932Z","url":"/signin","method":"POST"}
{"date":"2024-04-05T05:21:28.957Z","url":"/img/grape.jpg","method":"GET"}
{"date":"2024-04-05T05:21:28.980Z","url":"/css/bootstrap.min.css.map","method":"GET"}
{"date":"2024-04-05T05:21:29.233Z","url":"/css/bootstrap.min.css.map","method":"GET"}
{"date":"2024-04-05T05:21:29.406Z","url":"/region","method":"POST"}
{"date":"2024-04-05T05:21:29.425Z","url":"/grapes","method":"GET"}
{"date":"2024-04-05T05:21:29.450Z","url":"/img/CabernetFranc.jpg","method":"GET"}
{"date":"2024-04-05T05:21:29.459Z","url":"/img/Merlot.jpg","method":"GET"}
{"date":"2024-04-05T05:21:29.461Z","url":"/img/Chardonnay.jpg","method":"GET"}
{"date":"2024-04-05T05:21:29.465Z","url":"/img/CabernetSauvignon.jpg","method":"GET"}
{"date":"2024-04-05T05:21:29.491Z","url":"/img/CheninBlanc.jpg","method":"GET"}
{"date":"2024-04-05T05:21:29.500Z","url":"/img/PetitVerdot.jpg","method":"GET"}
{"date":"2024-04-05T05:21:29.511Z","url":"/img/PinotMeunier.jpg","method":"GET"}
{"date":"2024-04-05T05:21:29.523Z","url":"/img/PinotNoir.jpg","method":"GET"}
{"date":"2024-04-05T05:21:29.539Z","url":"/img/SauvignonBlanc.jpg","method":"GET"}
{"date":"2024-04-05T05:21:29.542Z","url":"/img/Syrah.jpg","method":"GET"}
{"date":"2024-04-05T05:22:23.132Z","url":"/signin","method":"POST"}
{"date":"2024-04-05T05:26:53.909Z","url":"/img/grape.jpg","method":"GET"}
{"date":"2024-04-05T05:26:53.925Z","url":"/css/bootstrap.min.css.map","method":"GET"}
{"date":"2024-04-05T05:26:54.134Z","url":"/css/bootstrap.min.css.map","method":"GET"}
{"date":"2024-04-05T05:26:54.302Z","url":"/region","method":"POST"}
{"date":"2024-04-05T05:26:54.324Z","url":"/grapes","method":"GET"}
{"date":"2024-04-05T05:26:54.357Z","url":"/undefined","method":"GET"}
{"date":"2024-04-05T05:27:56.096Z","url":"/css/bootstrap.min.css.map","method":"GET"}
{"date":"2024-04-05T05:27:56.327Z","url":"/css/bootstrap.min.css.map","method":"GET"}
{"date":"2024-04-05T05:27:56.403Z","url":"/region","method":"POST"}
{"date":"2024-04-05T05:27:56.438Z","url":"/grapes","method":"GET"}
{"date":"2024-04-05T05:27:56.518Z","url":"/undefined","method":"GET"}
{"date":"2024-04-05T05:28:07.425Z","url":"/signin","method":"POST"}
{"date":"2024-04-05T05:40:43.897Z","url":"/css/bootstrap.min.css.map","method":"GET"}
{"date":"2024-04-05T05:40:44.100Z","url":"/css/bootstrap.min.css.map","method":"GET"}
{"date":"2024-04-05T05:40:44.215Z","url":"/region","method":"POST"}
{"date":"2024-04-05T05:40:44.224Z","url":"/grapes","method":"GET"}
{"date":"2024-04-05T05:40:58.538Z","url":"/signin","method":"POST"}
{"date":"2024-04-05T05:43:23.782Z","url":"/css/bootstrap.min.css.map","method":"GET"}
{"date":"2024-04-05T05:43:23.961Z","url":"/css/bootstrap.min.css.map","method":"GET"}
{"date":"2024-04-05T05:43:24.056Z","url":"/region","method":"POST"}
{"date":"2024-04-05T05:43:24.067Z","url":"/grapes","method":"GET"}
{"date":"2024-04-05T05:43:38.177Z","url":"/signin","method":"POST"}
{"date":"2024-04-05T05:43:41.223Z","url":"/region","method":"POST"}
{"date":"2024-04-05T05:43:42.697Z","url":"/region","method":"POST"}
{"date":"2024-04-05T05:43:44.164Z","url":"/wines","method":"GET"}
{"date":"2024-04-05T19:21:22.216Z","url":"/region","method":"POST"}
{"date":"2024-04-05T19:21:22.257Z","url":"/css/bootstrap.min.css.map","method":"GET"}
{"date":"2024-04-05T19:21:22.266Z","url":"/grapes","method":"GET"}
{"date":"2024-04-05T19:21:31.768Z","url":"/Account/img/logo_ico.png","method":"GET"}
{"date":"2024-04-05T19:21:39.817Z","url":"/signin","method":"POST"}
{"date":"2024-04-05T19:21:39.936Z","url":"/Member/img/logo_ico.png","method":"GET"}
{"date":"2024-04-05T19:21:43.922Z","url":"/region","method":"POST"}
{"date":"2024-04-05T19:21:46.600Z","url":"/wines","method":"GET"}
{"date":"2024-04-05T19:23:59.868Z","url":"/region","method":"POST"}
{"date":"2024-04-05T19:24:00.089Z","url":"/grapes","method":"GET"}
{"date":"2024-04-05T19:24:11.761Z","url":"/signin","method":"POST"}
{"date":"2024-04-05T19:24:38.301Z","url":"/region","method":"POST"}
{"date":"2024-04-05T19:24:38.461Z","url":"/grapes","method":"GET"}
{"date":"2024-04-05T19:24:47.326Z","url":"/signin","method":"POST"}
{"date":"2024-04-05T20:00:56.288Z","url":"/css/bootstrap.min.css.map","method":"GET"}
{"date":"2024-04-05T20:00:56.377Z","url":"/region","method":"POST"}
{"date":"2024-04-05T20:00:56.385Z","url":"/grapes","method":"GET"}
{"date":"2024-04-05T20:01:05.426Z","url":"/signin","method":"POST"}
{"date":"2024-04-05T20:09:35.801Z","url":"/css/bootstrap.min.css.map","method":"GET"}
{"date":"2024-04-05T20:09:36.188Z","url":"/region","method":"POST"}
{"date":"2024-04-05T20:09:36.198Z","url":"/css/bootstrap.min.css.map","method":"GET"}
{"date":"2024-04-05T20:09:36.200Z","url":"/grapes","method":"GET"}
{"date":"2024-04-05T20:09:45.323Z","url":"/signin","method":"POST"}
{"date":"2024-04-05T20:11:13.889Z","url":"/css/bootstrap.min.css.map","method":"GET"}
{"date":"2024-04-05T20:11:14.258Z","url":"/region","method":"POST"}
{"date":"2024-04-05T20:11:14.267Z","url":"/css/bootstrap.min.css.map","method":"GET"}
{"date":"2024-04-05T20:11:14.269Z","url":"/grapes","method":"GET"}
{"date":"2024-04-05T20:11:23.582Z","url":"/signin","method":"POST"}
{"date":"2024-04-05T20:18:05.347Z","url":"/Member/PostReview","method":"GET"}
{"date":"2024-04-05T20:18:09.164Z","url":"/css/bootstrap.min.css.map","method":"GET"}
{"date":"2024-04-05T20:18:09.208Z","url":"/region","method":"POST"}
{"date":"2024-04-05T20:18:09.234Z","url":"/grapes","method":"GET"}
{"date":"2024-04-05T20:18:21.979Z","url":"/signin","method":"POST"}
{"date":"2024-04-05T20:19:44.979Z","url":"/css/bootstrap.min.css.map","method":"GET"}
{"date":"2024-04-05T20:19:45.182Z","url":"/region","method":"POST"}
{"date":"2024-04-05T20:19:45.209Z","url":"/css/bootstrap.min.css.map","method":"GET"}
{"date":"2024-04-05T20:19:45.219Z","url":"/grapes","method":"GET"}
{"date":"2024-04-05T20:19:55.250Z","url":"/signin","method":"POST"}
{"date":"2024-04-05T20:24:23.762Z","url":"/css/bootstrap.min.css.map","method":"GET"}
{"date":"2024-04-05T20:24:23.994Z","url":"/css/bootstrap.min.css.map","method":"GET"}
{"date":"2024-04-05T20:24:24.057Z","url":"/region","method":"POST"}
{"date":"2024-04-05T20:24:24.071Z","url":"/grapes","method":"GET"}
{"date":"2024-04-05T20:24:34.971Z","url":"/signin","method":"POST"}
{"date":"2024-04-05T23:41:07.325Z","url":"/region","method":"POST"}
{"date":"2024-04-05T23:41:07.442Z","url":"/grapes","method":"GET"}
{"date":"2024-04-05T23:41:42.983Z","url":"/Account/img/logo_ico.png","method":"GET"}
{"date":"2024-04-05T23:41:52.279Z","url":"/signin","method":"POST"}
{"date":"2024-04-05T23:41:52.402Z","url":"/Member/img/logo_ico.png","method":"GET"}
{"date":"2024-04-05T23:53:55.379Z","url":"/region","method":"POST"}
{"date":"2024-04-05T23:53:55.494Z","url":"/grapes","method":"GET"}
{"date":"2024-04-05T23:54:04.692Z","url":"/signin","method":"POST"}
{"date":"2024-04-05T23:54:06.780Z","url":"/region","method":"POST"}
{"date":"2024-04-05T23:54:07.855Z","url":"/wines","method":"GET"}
{"date":"2024-04-06T15:45:43.861Z","url":"/region","method":"POST"}
{"date":"2024-04-06T15:45:44.010Z","url":"/grapes","method":"GET"}
{"date":"2024-04-06T15:45:47.034Z","url":"/region","method":"POST"}
{"date":"2024-04-06T15:45:47.152Z","url":"/grapes","method":"GET"}
{"date":"2024-04-06T15:45:56.942Z","url":"/signin","method":"POST"}
{"date":"2024-04-06T15:45:59.683Z","url":"/region","method":"POST"}
{"date":"2024-04-06T15:46:00.828Z","url":"/wines","method":"GET"}
{"date":"2024-04-06T15:46:05.256Z","url":"/wines","method":"GET"}
{"date":"2024-04-06T16:13:11.085Z","url":"/region","method":"POST"}
{"date":"2024-04-06T16:13:11.185Z","url":"/grapes","method":"GET"}
{"date":"2024-04-06T16:13:17.698Z","url":"/css/bootstrap.min.css.map","method":"GET"}
{"date":"2024-04-06T16:14:13.685Z","url":"/css/bootstrap.min.css.map","method":"GET"}
{"date":"2024-04-06T16:14:13.869Z","url":"/region","method":"POST"}
{"date":"2024-04-06T16:14:13.892Z","url":"/posts","method":"GET"}
{"date":"2024-04-06T16:14:13.904Z","url":"/grapes","method":"GET"}
{"date":"2024-04-06T16:34:27.892Z","url":"/css/bootstrap.min.css.map","method":"GET"}
{"date":"2024-04-06T16:34:27.937Z","url":"/region","method":"POST"}
{"date":"2024-04-06T16:34:27.947Z","url":"/posts","method":"GET"}
{"date":"2024-04-06T16:34:27.955Z","url":"/grape","method":"GET"}
{"date":"2024-04-06T16:34:38.340Z","url":"/signin","method":"POST"}
{"date":"2024-04-06T16:40:27.838Z","url":"/css/bootstrap.min.css.map","method":"GET"}
{"date":"2024-04-06T16:40:28.059Z","url":"/css/bootstrap.min.css.map","method":"GET"}
{"date":"2024-04-06T16:40:28.252Z","url":"/region","method":"POST"}
{"date":"2024-04-06T16:40:28.286Z","url":"/posts","method":"GET"}
{"date":"2024-04-06T16:40:28.298Z","url":"/grape","method":"GET"}
{"date":"2024-04-06T16:40:39.241Z","url":"/signin","method":"POST"}
{"date":"2024-04-06T16:53:04.608Z","url":"/css/bootstrap.min.css.map","method":"GET"}
{"date":"2024-04-06T16:53:04.872Z","url":"/css/bootstrap.min.css.map","method":"GET"}
{"date":"2024-04-06T16:53:05.010Z","url":"/posts","method":"GET"}
{"date":"2024-04-06T16:53:05.023Z","url":"/grape","method":"GET"}
{"date":"2024-04-06T16:53:05.018Z","url":"/countries","method":"GET"}
{"date":"2024-04-06T16:53:14.761Z","url":"/signin","method":"POST"}
{"date":"2024-04-06T16:53:17.113Z","url":"/region","method":"POST"}
{"date":"2024-04-06T16:53:18.820Z","url":"/wines","method":"GET"}
{"date":"2024-04-06T16:54:22.537Z","url":"/css/bootstrap.min.css.map","method":"GET"}
{"date":"2024-04-06T16:54:22.772Z","url":"/css/bootstrap.min.css.map","method":"GET"}
{"date":"2024-04-06T16:54:22.844Z","url":"/posts","method":"GET"}
{"date":"2024-04-06T16:54:22.857Z","url":"/countries","method":"GET"}
{"date":"2024-04-06T16:54:22.887Z","url":"/grape","method":"GET"}
{"date":"2024-04-06T16:54:32.217Z","url":"/signin","method":"POST"}
{"date":"2024-04-06T16:54:34.486Z","url":"/countries","method":"GET"}
{"date":"2024-04-06T16:54:36.096Z","url":"/wines","method":"GET"}
{"date":"2024-04-06T16:54:39.778Z","url":"/wines","method":"GET"}
{"date":"2024-04-06T16:54:42.128Z","url":"/wines","method":"GET"}
{"date":"2024-04-06T16:57:17.330Z","url":"/css/bootstrap.min.css.map","method":"GET"}
{"date":"2024-04-06T16:57:17.604Z","url":"/css/bootstrap.min.css.map","method":"GET"}
{"date":"2024-04-06T16:57:17.677Z","url":"/posts","method":"GET"}
{"date":"2024-04-06T16:57:17.689Z","url":"/countries","method":"GET"}
{"date":"2024-04-06T16:57:17.718Z","url":"/grape","method":"GET"}
{"date":"2024-04-06T16:57:30.512Z","url":"/signin","method":"POST"}
{"date":"2024-04-06T16:57:37.371Z","url":"/countries","method":"GET"}
{"date":"2024-04-06T16:57:39.036Z","url":"/wines","method":"GET"}
{"date":"2024-04-06T17:07:27.964Z","url":"/countries","method":"GET"}
{"date":"2024-04-06T17:07:30.796Z","url":"/wines","method":"GET"}
{"date":"2024-04-08T18:06:45.517Z","url":"/css/bootstrap.min.css.map","method":"GET"}
{"date":"2024-04-08T18:06:45.674Z","url":"/css/bootstrap.min.css.map","method":"GET"}
{"date":"2024-04-08T18:06:45.803Z","url":"/posts","method":"GET"}
{"date":"2024-04-08T18:06:45.823Z","url":"/countries","method":"GET"}
{"date":"2024-04-08T18:06:45.832Z","url":"/grape","method":"GET"}
{"date":"2024-04-08T18:06:54.869Z","url":"/signin","method":"POST"}
{"date":"2024-04-08T18:06:56.865Z","url":"/countries","method":"GET"}
{"date":"2024-04-08T18:06:58.252Z","url":"/wines","method":"GET"}
{"date":"2024-04-08T18:10:33.142Z","url":"/css/bootstrap.min.css.map","method":"GET"}
{"date":"2024-04-08T18:10:33.258Z","url":"/css/bootstrap.min.css.map","method":"GET"}
{"date":"2024-04-08T18:10:33.369Z","url":"/posts","method":"GET"}
{"date":"2024-04-08T18:10:33.377Z","url":"/countries","method":"GET"}
{"date":"2024-04-08T18:10:33.419Z","url":"/grape","method":"GET"}
{"date":"2024-04-08T18:26:11.436Z","url":"/css/bootstrap.min.css.map","method":"GET"}
{"date":"2024-04-08T18:26:11.490Z","url":"/countries","method":"GET"}
{"date":"2024-04-08T18:26:11.469Z","url":"/posts","method":"GET"}
{"date":"2024-04-08T18:26:11.540Z","url":"/grape","method":"GET"}
{"date":"2024-04-08T18:26:22.834Z","url":"/signin","method":"POST"}
{"date":"2024-04-08T18:26:29.903Z","url":"/signin","method":"POST"}
{"date":"2024-04-08T18:27:40.367Z","url":"/signout","method":"POST"}
{"date":"2024-04-08T18:27:48.511Z","url":"/signin","method":"POST"}
{"date":"2024-04-08T18:27:56.591Z","url":"/signout","method":"POST"}
{"date":"2024-04-08T18:28:42.171Z","url":"/css/bootstrap.min.css.map","method":"GET"}
{"date":"2024-04-08T18:28:42.295Z","url":"/css/bootstrap.min.css.map","method":"GET"}
{"date":"2024-04-08T18:28:42.389Z","url":"/posts","method":"GET"}
{"date":"2024-04-08T18:28:42.398Z","url":"/countries","method":"GET"}
{"date":"2024-04-08T18:28:42.406Z","url":"/grape","method":"GET"}
{"date":"2024-04-08T18:28:59.223Z","url":"/signin","method":"POST"}
{"date":"2024-04-08T18:29:03.738Z","url":"/signin","method":"POST"}
{"date":"2024-04-08T18:30:35.954Z","url":"/signout","method":"POST"}
{"date":"2024-04-08T18:30:41.901Z","url":"/signin","method":"POST"}
{"date":"2024-04-08T18:34:40.003Z","url":"/css/bootstrap.min.css.map","method":"GET"}
{"date":"2024-04-08T18:34:40.147Z","url":"/css/bootstrap.min.css.map","method":"GET"}
{"date":"2024-04-08T18:34:40.240Z","url":"/posts","method":"GET"}
{"date":"2024-04-08T18:34:40.285Z","url":"/grape","method":"GET"}
{"date":"2024-04-08T18:34:40.249Z","url":"/countries","method":"GET"}
{"date":"2024-04-08T18:34:49.728Z","url":"/signup","method":"POST"}
{"date":"2024-04-08T18:36:23.759Z","url":"/signup","method":"POST"}
{"date":"2024-04-08T19:13:17.079Z","url":"/css/bootstrap.min.css.map","method":"GET"}
{"date":"2024-04-08T19:13:17.247Z","url":"/css/bootstrap.min.css.map","method":"GET"}
{"date":"2024-04-08T19:13:17.360Z","url":"/grape","method":"GET"}
{"date":"2024-04-08T19:13:17.392Z","url":"/countries","method":"GET"}
{"date":"2024-04-08T19:13:17.403Z","url":"/posts","method":"GET"}
{"date":"2024-04-08T19:13:17.412Z","url":"/reviews","method":"GET"}
{"date":"2024-04-08T19:18:45.437Z","url":"/posts","method":"GET"}
{"date":"2024-04-08T19:18:45.442Z","url":"/countries","method":"GET"}
{"date":"2024-04-08T19:18:45.459Z","url":"/css/bootstrap.min.css.map","method":"GET"}
{"date":"2024-04-08T19:18:45.462Z","url":"/reviews","method":"GET"}
{"date":"2024-04-08T19:18:45.484Z","url":"/grape","method":"GET"}
{"date":"2024-04-08T19:18:53.812Z","url":"/signin","method":"POST"}
{"date":"2024-04-08T19:18:56.771Z","url":"/countries","method":"GET"}
{"date":"2024-04-08T19:18:57.898Z","url":"/wines","method":"GET"}
{"date":"2024-04-08T19:31:00.598Z","url":"/css/bootstrap.min.css.map","method":"GET"}
{"date":"2024-04-08T19:31:00.779Z","url":"/css/bootstrap.min.css.map","method":"GET"}
{"date":"2024-04-08T19:31:00.919Z","url":"/countries","method":"GET"}
{"date":"2024-04-08T19:31:00.937Z","url":"/reviews","method":"GET"}
{"date":"2024-04-08T19:31:00.973Z","url":"/grape","method":"GET"}
{"date":"2024-04-08T19:31:26.724Z","url":"/signin","method":"POST"}
{"date":"2024-04-08T20:14:44.270Z","url":"/css/bootstrap.min.css.map","method":"GET"}
{"date":"2024-04-08T20:14:44.440Z","url":"/css/bootstrap.min.css.map","method":"GET"}
{"date":"2024-04-08T20:14:44.552Z","url":"/countries","method":"GET"}
{"date":"2024-04-08T20:14:44.576Z","url":"/reviews","method":"GET"}
{"date":"2024-04-08T20:14:44.582Z","url":"/grape","method":"GET"}
{"date":"2024-04-08T20:14:55.520Z","url":"/signin","method":"POST"}
{"date":"2024-04-08T20:14:58.591Z","url":"/countries","method":"GET"}
{"date":"2024-04-08T20:15:00.847Z","url":"/wines","method":"GET"}
{"date":"2024-04-08T20:15:06.951Z","url":"/wines","method":"GET"}
{"date":"2024-04-08T20:15:14.218Z","url":"/countries","method":"GET"}
{"date":"2024-04-08T20:15:17.472Z","url":"/countries","method":"GET"}
{"date":"2024-04-08T20:15:18.695Z","url":"/wines","method":"GET"}
{"date":"2024-04-08T20:16:06.530Z","url":"/css/bootstrap.min.css.map","method":"GET"}
{"date":"2024-04-08T20:16:06.675Z","url":"/css/bootstrap.min.css.map","method":"GET"}
{"date":"2024-04-08T20:16:06.781Z","url":"/countries","method":"GET"}
{"date":"2024-04-08T20:16:06.787Z","url":"/reviews","method":"GET"}
{"date":"2024-04-08T20:16:06.800Z","url":"/grape","method":"GET"}
{"date":"2024-04-08T20:16:15.028Z","url":"/signin","method":"POST"}
{"date":"2024-04-08T20:16:16.881Z","url":"/countries","method":"GET"}
{"date":"2024-04-08T20:16:18.018Z","url":"/wines","method":"GET"}
{"date":"2024-04-08T20:16:26.390Z","url":"/countries","method":"GET"}
{"date":"2024-04-08T20:16:33.369Z","url":"/countries","method":"GET"}
{"date":"2024-04-08T20:16:35.228Z","url":"/wines","method":"GET"}
{"date":"2024-04-08T20:16:37.057Z","url":"/wines","method":"GET"}
{"date":"2024-04-08T20:17:31.503Z","url":"/css/bootstrap.min.css.map","method":"GET"}
{"date":"2024-04-08T20:17:31.661Z","url":"/css/bootstrap.min.css.map","method":"GET"}
{"date":"2024-04-08T20:17:31.763Z","url":"/reviews","method":"GET"}
{"date":"2024-04-08T20:17:31.795Z","url":"/countries","method":"GET"}
{"date":"2024-04-08T20:17:31.875Z","url":"/grape","method":"GET"}
{"date":"2024-04-08T20:17:42.895Z","url":"/signin","method":"POST"}
{"date":"2024-04-08T20:17:46.351Z","url":"/countries","method":"GET"}
{"date":"2024-04-08T20:17:47.582Z","url":"/wines","method":"GET"}
{"date":"2024-04-08T20:20:09.034Z","url":"/css/bootstrap.min.css.map","method":"GET"}
{"date":"2024-04-08T20:20:09.139Z","url":"/css/bootstrap.min.css.map","method":"GET"}
{"date":"2024-04-08T20:20:09.266Z","url":"/countries","method":"GET"}
{"date":"2024-04-08T20:20:09.273Z","url":"/reviews","method":"GET"}
{"date":"2024-04-08T20:20:09.283Z","url":"/grape","method":"GET"}
{"date":"2024-04-08T20:20:17.246Z","url":"/signin","method":"POST"}
{"date":"2024-04-08T20:21:10.494Z","url":"/signout","method":"POST"}
{"date":"2024-04-08T20:21:14.380Z","url":"/css/bootstrap.min.css.map","method":"GET"}
{"date":"2024-04-08T20:21:14.493Z","url":"/css/bootstrap.min.css.map","method":"GET"}
{"date":"2024-04-08T20:21:14.630Z","url":"/countries","method":"GET"}
{"date":"2024-04-08T20:21:14.636Z","url":"/reviews","method":"GET"}
{"date":"2024-04-08T20:21:14.644Z","url":"/grape","method":"GET"}
{"date":"2024-04-08T20:21:43.076Z","url":"/signin","method":"POST"}
{"date":"2024-04-08T20:24:10.372Z","url":"/css/bootstrap.min.css.map","method":"GET"}
{"date":"2024-04-08T20:24:10.475Z","url":"/css/bootstrap.min.css.map","method":"GET"}
{"date":"2024-04-08T20:24:10.609Z","url":"/reviews","method":"GET"}
{"date":"2024-04-08T20:24:10.620Z","url":"/countries","method":"GET"}
{"date":"2024-04-08T20:24:10.635Z","url":"/grape","method":"GET"}
{"date":"2024-04-08T20:24:18.511Z","url":"/signin","method":"POST"}
{"date":"2024-04-08T20:24:22.290Z","url":"/signin","method":"POST"}
{"date":"2024-04-08T20:25:05.596Z","url":"/css/bootstrap.min.css.map","method":"GET"}
{"date":"2024-04-08T20:25:05.717Z","url":"/css/bootstrap.min.css.map","method":"GET"}
{"date":"2024-04-08T20:25:05.832Z","url":"/countries","method":"GET"}
{"date":"2024-04-08T20:25:05.838Z","url":"/reviews","method":"GET"}
{"date":"2024-04-08T20:25:05.853Z","url":"/grape","method":"GET"}
{"date":"2024-04-08T20:25:14.439Z","url":"/signin","method":"POST"}
{"date":"2024-04-08T20:25:47.667Z","url":"/css/bootstrap.min.css.map","method":"GET"}
{"date":"2024-04-08T20:25:47.766Z","url":"/css/bootstrap.min.css.map","method":"GET"}
{"date":"2024-04-08T20:25:47.870Z","url":"/countries","method":"GET"}
{"date":"2024-04-08T20:25:47.895Z","url":"/reviews","method":"GET"}
{"date":"2024-04-08T20:25:47.901Z","url":"/grape","method":"GET"}
{"date":"2024-04-08T20:25:56.029Z","url":"/signin","method":"POST"}
{"date":"2024-04-08T20:33:11.978Z","url":"/css/bootstrap.min.css.map","method":"GET"}
{"date":"2024-04-08T20:33:12.146Z","url":"/css/bootstrap.min.css.map","method":"GET"}
{"date":"2024-04-08T20:33:12.288Z","url":"/countries","method":"GET"}
{"date":"2024-04-08T20:33:12.290Z","url":"/reviews","method":"GET"}
{"date":"2024-04-08T20:33:12.300Z","url":"/grape","method":"GET"}
{"date":"2024-04-08T20:33:22.058Z","url":"/signin","method":"POST"}
{"date":"2024-04-08T20:34:35.145Z","url":"/css/bootstrap.min.css.map","method":"GET"}
{"date":"2024-04-08T20:34:35.375Z","url":"/css/bootstrap.min.css.map","method":"GET"}
{"date":"2024-04-08T20:34:35.475Z","url":"/countries","method":"GET"}
{"date":"2024-04-08T20:34:35.476Z","url":"/reviews","method":"GET"}
{"date":"2024-04-08T20:34:35.480Z","url":"/grape","method":"GET"}
{"date":"2024-04-08T20:34:44.981Z","url":"/signin","method":"POST"}
{"date":"2024-04-08T20:38:39.587Z","url":"/css/bootstrap.min.css.map","method":"GET"}
{"date":"2024-04-08T20:38:39.772Z","url":"/css/bootstrap.min.css.map","method":"GET"}
{"date":"2024-04-08T20:38:39.825Z","url":"/countries","method":"GET"}
{"date":"2024-04-08T20:38:39.847Z","url":"/grape","method":"GET"}
{"date":"2024-04-08T20:38:40.022Z","url":"/reviews","method":"GET"}
{"date":"2024-04-08T20:38:49.282Z","url":"/signin","method":"POST"}
{"date":"2024-04-08T20:40:55.112Z","url":"/css/bootstrap.min.css.map","method":"GET"}
{"date":"2024-04-08T20:40:55.267Z","url":"/css/bootstrap.min.css.map","method":"GET"}
{"date":"2024-04-08T20:40:55.325Z","url":"/countries","method":"GET"}
{"date":"2024-04-08T20:40:55.349Z","url":"/reviews","method":"GET"}
{"date":"2024-04-08T20:40:55.358Z","url":"/grape","method":"GET"}
{"date":"2024-04-08T20:41:05.043Z","url":"/signin","method":"POST"}
{"date":"2024-04-08T20:44:47.157Z","url":"/css/bootstrap.min.css.map","method":"GET"}
{"date":"2024-04-08T20:44:47.290Z","url":"/css/bootstrap.min.css.map","method":"GET"}
{"date":"2024-04-08T20:44:47.365Z","url":"/countries","method":"GET"}
{"date":"2024-04-08T20:44:47.446Z","url":"/reviews","method":"GET"}
{"date":"2024-04-08T20:44:47.476Z","url":"/grape","method":"GET"}
{"date":"2024-04-08T20:44:55.884Z","url":"/signin","method":"POST"}
{"date":"2024-04-08T20:46:50.334Z","url":"/css/bootstrap.min.css.map","method":"GET"}
{"date":"2024-04-08T20:46:50.567Z","url":"/css/bootstrap.min.css.map","method":"GET"}
{"date":"2024-04-08T20:46:50.647Z","url":"/reviews","method":"GET"}
{"date":"2024-04-08T20:46:50.683Z","url":"/countries","method":"GET"}
{"date":"2024-04-08T20:46:50.714Z","url":"/grape","method":"GET"}
{"date":"2024-04-08T20:46:59.847Z","url":"/signin","method":"POST"}
{"date":"2024-04-08T20:55:10.444Z","url":"/css/bootstrap.min.css.map","method":"GET"}
{"date":"2024-04-08T20:55:10.549Z","url":"/css/bootstrap.min.css.map","method":"GET"}
{"date":"2024-04-08T20:55:10.643Z","url":"/countries","method":"GET"}
{"date":"2024-04-08T20:55:10.664Z","url":"/reviews","method":"GET"}
{"date":"2024-04-08T20:55:10.690Z","url":"/grape","method":"GET"}
{"date":"2024-04-08T20:55:29.968Z","url":"/signin","method":"POST"}
{"date":"2024-04-08T20:56:16.264Z","url":"/Member/addReview","method":"POST"}
{"date":"2024-04-08T20:56:16.327Z","url":"/css/bootstrap.min.css.map","method":"GET"}
{"date":"2024-04-08T20:57:23.104Z","url":"/css/bootstrap.min.css.map","method":"GET"}
{"date":"2024-04-08T20:57:41.065Z","url":"/Member/addReview","method":"POST"}
{"date":"2024-04-08T20:57:41.125Z","url":"/css/bootstrap.min.css.map","method":"GET"}
{"date":"2024-04-08T20:57:44.757Z","url":"/css/bootstrap.min.css.map","method":"GET"}
{"date":"2024-04-08T20:57:44.765Z","url":"/css/bootstrap.min.css.map","method":"GET"}
{"date":"2024-04-08T20:57:44.820Z","url":"/css/bootstrap.min.css.map","method":"GET"}
{"date":"2024-04-08T20:59:12.863Z","url":"/css/bootstrap.min.css.map","method":"GET"}
{"date":"2024-04-08T20:59:13.048Z","url":"/css/bootstrap.min.css.map","method":"GET"}
{"date":"2024-04-08T20:59:13.212Z","url":"/countries","method":"GET"}
{"date":"2024-04-08T20:59:13.219Z","url":"/reviews","method":"GET"}
{"date":"2024-04-08T20:59:13.234Z","url":"/grape","method":"GET"}
{"date":"2024-04-08T20:59:21.238Z","url":"/signin","method":"POST"}
{"date":"2024-04-08T20:59:33.169Z","url":"/Member/Member/addReview","method":"POST"}
{"date":"2024-04-08T20:59:33.236Z","url":"/css/bootstrap.min.css.map","method":"GET"}
{"date":"2024-04-08T21:01:31.684Z","url":"/css/bootstrap.min.css.map","method":"GET"}
{"date":"2024-04-08T21:02:15.871Z","url":"/css/bootstrap.min.css.map","method":"GET"}
{"date":"2024-04-08T21:02:16.024Z","url":"/css/bootstrap.min.css.map","method":"GET"}
{"date":"2024-04-08T21:02:16.162Z","url":"/countries","method":"GET"}
{"date":"2024-04-08T21:02:16.174Z","url":"/reviews","method":"GET"}
{"date":"2024-04-08T21:02:16.185Z","url":"/grape","method":"GET"}
{"date":"2024-04-08T21:02:23.514Z","url":"/signin","method":"POST"}
{"date":"2024-04-08T21:02:31.120Z","url":"/addReview","method":"POST"}
{"date":"2024-04-08T21:03:24.350Z","url":"/css/bootstrap.min.css.map","method":"GET"}
{"date":"2024-04-08T21:03:24.582Z","url":"/countries","method":"GET"}
{"date":"2024-04-08T21:03:24.637Z","url":"/reviews","method":"GET"}
{"date":"2024-04-08T21:03:24.662Z","url":"/grape","method":"GET"}
{"date":"2024-04-08T21:03:59.598Z","url":"/signin","method":"POST"}
{"date":"2024-04-08T21:04:08.073Z","url":"/css/bootstrap.min.css.map","method":"GET"}
{"date":"2024-04-08T21:04:08.244Z","url":"/css/bootstrap.min.css.map","method":"GET"}
{"date":"2024-04-08T21:04:08.364Z","url":"/countries","method":"GET"}
{"date":"2024-04-08T21:04:08.368Z","url":"/reviews","method":"GET"}
{"date":"2024-04-08T21:04:08.373Z","url":"/grape","method":"GET"}
{"date":"2024-04-08T21:04:17.951Z","url":"/signin","method":"POST"}
{"date":"2024-04-08T21:04:24.873Z","url":"/addReview","method":"POST"}
{"date":"2024-04-08T21:04:24.891Z","url":"/PostReview","method":"GET"}
{"date":"2024-04-08T21:04:36.929Z","url":"/PostReview","method":"GET"}
{"date":"2024-04-08T21:05:58.560Z","url":"/css/bootstrap.min.css.map","method":"GET"}
{"date":"2024-04-08T21:05:58.666Z","url":"/countries","method":"GET"}
{"date":"2024-04-08T21:05:58.720Z","url":"/reviews","method":"GET"}
{"date":"2024-04-08T21:05:58.778Z","url":"/grape","method":"GET"}
{"date":"2024-04-08T21:06:09.663Z","url":"/signin","method":"POST"}
{"date":"2024-04-08T21:06:16.278Z","url":"/addReview","method":"POST"}
{"date":"2024-04-08T21:06:16.292Z","url":"/Users/ronaldma/Dropbox/Langara/2600/project/sub6/views","method":"GET"}
{"date":"2024-04-08T21:06:16.371Z","url":"/css/bootstrap.min.css.map","method":"GET"}
{"date":"2024-04-08T21:10:04.246Z","url":"/css/bootstrap.min.css.map","method":"GET"}
{"date":"2024-04-08T21:10:04.518Z","url":"/countries","method":"GET"}
{"date":"2024-04-08T21:10:04.540Z","url":"/reviews","method":"GET"}
{"date":"2024-04-08T21:10:04.553Z","url":"/grape","method":"GET"}
{"date":"2024-04-08T21:10:12.562Z","url":"/signin","method":"POST"}
{"date":"2024-04-08T21:10:23.746Z","url":"/Member/addReview","method":"POST"}
{"date":"2024-04-08T21:10:51.905Z","url":"/css/bootstrap.min.css.map","method":"GET"}
{"date":"2024-04-08T21:10:52.050Z","url":"/css/bootstrap.min.css.map","method":"GET"}
{"date":"2024-04-08T21:10:52.165Z","url":"/countries","method":"GET"}
{"date":"2024-04-08T21:10:52.167Z","url":"/reviews","method":"GET"}
{"date":"2024-04-08T21:10:52.183Z","url":"/grape","method":"GET"}
{"date":"2024-04-08T21:11:00.457Z","url":"/Member/Grapes","method":"GET"}
{"date":"2024-04-08T21:11:00.520Z","url":"/css/bootstrap.min.css.map","method":"GET"}
{"date":"2024-04-08T21:11:02.402Z","url":"/css/bootstrap.min.css.map","method":"GET"}
{"date":"2024-04-08T21:11:09.572Z","url":"/signin","method":"POST"}
{"date":"2024-04-08T21:11:27.291Z","url":"/Member/PostReview","method":"GET"}
{"date":"2024-04-08T21:11:33.864Z","url":"/css/bootstrap.min.css.map","method":"GET"}
{"date":"2024-04-08T21:11:33.908Z","url":"/countries","method":"GET"}
{"date":"2024-04-08T21:11:34.017Z","url":"/reviews","method":"GET"}
{"date":"2024-04-08T21:11:34.046Z","url":"/grape","method":"GET"}
{"date":"2024-04-08T21:15:31.330Z","url":"/css/bootstrap.min.css.map","method":"GET"}
{"date":"2024-04-08T21:15:31.390Z","url":"/countries","method":"GET"}
{"date":"2024-04-08T21:15:31.398Z","url":"/reviews","method":"GET"}
{"date":"2024-04-08T21:15:31.403Z","url":"/grape","method":"GET"}
{"date":"2024-04-08T21:15:39.788Z","url":"/signin","method":"POST"}
{"date":"2024-04-08T21:16:46.703Z","url":"/css/bootstrap.min.css.map","method":"GET"}
{"date":"2024-04-08T21:16:46.983Z","url":"/countries","method":"GET"}
{"date":"2024-04-08T21:16:47.130Z","url":"/reviews","method":"GET"}
{"date":"2024-04-08T21:16:47.140Z","url":"/grape","method":"GET"}
{"date":"2024-04-08T21:17:02.756Z","url":"/css/bootstrap.min.css.map","method":"GET"}
{"date":"2024-04-08T21:17:02.880Z","url":"/countries","method":"GET"}
{"date":"2024-04-08T21:17:02.882Z","url":"/reviews","method":"GET"}
{"date":"2024-04-08T21:17:02.896Z","url":"/grape","method":"GET"}
{"date":"2024-04-08T21:17:10.882Z","url":"/signin","method":"POST"}
{"date":"2024-04-08T21:17:27.398Z","url":"/Member/addReview","method":"POST"}
{"date":"2024-04-08T21:18:53.050Z","url":"/css/bootstrap.min.css.map","method":"GET"}
{"date":"2024-04-08T21:18:53.382Z","url":"/countries","method":"GET"}
{"date":"2024-04-08T21:18:53.392Z","url":"/reviews","method":"GET"}
{"date":"2024-04-08T21:18:53.403Z","url":"/grape","method":"GET"}
{"date":"2024-04-08T21:19:02.703Z","url":"/signin","method":"POST"}
{"date":"2024-04-08T21:20:30.295Z","url":"/css/bootstrap.min.css.map","method":"GET"}
{"date":"2024-04-08T21:20:30.494Z","url":"/countries","method":"GET"}
{"date":"2024-04-08T21:20:30.522Z","url":"/grape","method":"GET"}
{"date":"2024-04-08T21:20:30.534Z","url":"/reviews","method":"GET"}
{"date":"2024-04-08T21:21:12.460Z","url":"/signin","method":"POST"}
{"date":"2024-04-08T21:21:20.011Z","url":"/css/bootstrap.min.css.map","method":"GET"}
{"date":"2024-04-08T21:21:20.123Z","url":"/css/bootstrap.min.css.map","method":"GET"}
{"date":"2024-04-08T21:21:20.228Z","url":"/countries","method":"GET"}
{"date":"2024-04-08T21:21:20.231Z","url":"/reviews","method":"GET"}
{"date":"2024-04-08T21:21:20.242Z","url":"/grape","method":"GET"}
{"date":"2024-04-08T21:21:29.606Z","url":"/signin","method":"POST"}
{"date":"2024-04-08T21:22:55.749Z","url":"/css/bootstrap.min.css.map","method":"GET"}
{"date":"2024-04-08T21:22:55.857Z","url":"/css/bootstrap.min.css.map","method":"GET"}
{"date":"2024-04-08T21:22:55.973Z","url":"/countries","method":"GET"}
{"date":"2024-04-08T21:22:55.996Z","url":"/reviews","method":"GET"}
{"date":"2024-04-08T21:22:56.012Z","url":"/grape","method":"GET"}
{"date":"2024-04-08T21:23:04.966Z","url":"/signin","method":"POST"}
{"date":"2024-04-08T21:23:39.190Z","url":"/css/bootstrap.min.css.map","method":"GET"}
{"date":"2024-04-08T21:23:39.287Z","url":"/css/bootstrap.min.css.map","method":"GET"}
{"date":"2024-04-08T21:23:39.415Z","url":"/countries","method":"GET"}
{"date":"2024-04-08T21:23:39.430Z","url":"/reviews","method":"GET"}
{"date":"2024-04-08T21:23:39.462Z","url":"/grape","method":"GET"}
{"date":"2024-04-08T21:23:46.545Z","url":"/signin","method":"POST"}
{"date":"2024-04-08T21:24:54.849Z","url":"/css/bootstrap.min.css.map","method":"GET"}
{"date":"2024-04-08T21:24:54.897Z","url":"/css/bootstrap.min.css.map","method":"GET"}
{"date":"2024-04-08T21:24:54.991Z","url":"/countries","method":"GET"}
{"date":"2024-04-08T21:24:55.026Z","url":"/reviews","method":"GET"}
{"date":"2024-04-08T21:24:55.037Z","url":"/grape","method":"GET"}
{"date":"2024-04-08T21:25:08.757Z","url":"/css/bootstrap.min.css.map","method":"GET"}
{"date":"2024-04-08T21:25:08.860Z","url":"/countries","method":"GET"}
{"date":"2024-04-08T21:25:08.873Z","url":"/grape","method":"GET"}
{"date":"2024-04-08T21:25:12.362Z","url":"/reviews","method":"GET"}
{"date":"2024-04-08T21:25:17.116Z","url":"/signin","method":"POST"}
{"date":"2024-04-08T21:25:20.892Z","url":"/signin","method":"POST"}
{"date":"2024-04-08T21:25:23.020Z","url":"/reviews","method":"GET"}
{"date":"2024-04-08T21:26:56.974Z","url":"/css/bootstrap.min.css.map","method":"GET"}
{"date":"2024-04-08T21:26:57.056Z","url":"/css/bootstrap.min.css.map","method":"GET"}
{"date":"2024-04-08T21:26:57.137Z","url":"/grape","method":"GET"}
{"date":"2024-04-08T21:26:57.150Z","url":"/countries","method":"GET"}
{"date":"2024-04-08T21:27:00.280Z","url":"/reviews","method":"GET"}
{"date":"2024-04-08T21:27:04.740Z","url":"/signin","method":"POST"}
{"date":"2024-04-08T21:27:07.241Z","url":"/reviews","method":"GET"}
{"date":"2024-04-08T21:27:09.990Z","url":"/reviews","method":"GET"}
{"date":"2024-04-08T21:30:08.263Z","url":"/css/bootstrap.min.css.map","method":"GET"}
{"date":"2024-04-08T21:30:08.550Z","url":"/countries","method":"GET"}
{"date":"2024-04-08T21:30:08.564Z","url":"/grape","method":"GET"}
{"date":"2024-04-08T21:30:13.093Z","url":"/reviews","method":"GET"}
{"date":"2024-04-08T21:30:18.293Z","url":"/signin","method":"POST"}
{"date":"2024-04-08T21:30:19.902Z","url":"/reviews","method":"GET"}
{"date":"2024-04-08T21:30:25.526Z","url":"/Member/addReview","method":"POST"}
{"date":"2024-04-08T21:30:28.144Z","url":"/reviews","method":"GET"}
{"date":"2024-04-08T21:30:29.584Z","url":"/reviews","method":"GET"}
{"date":"2024-04-08T21:49:33.309Z","url":"/css/bootstrap.min.css.map","method":"GET"}
{"date":"2024-04-08T21:49:33.790Z","url":"/countries","method":"GET"}
{"date":"2024-04-08T21:49:33.821Z","url":"/grape","method":"GET"}
{"date":"2024-04-08T22:04:00.940Z","url":"/css/bootstrap.min.css.map","method":"GET"}
{"date":"2024-04-08T22:04:01.203Z","url":"/css/bootstrap.min.css.map","method":"GET"}
{"date":"2024-04-08T22:04:01.439Z","url":"/countries","method":"GET"}
{"date":"2024-04-08T22:04:01.470Z","url":"/grape","method":"GET"}
{"date":"2024-04-08T22:04:04.623Z","url":"/reviews","method":"GET"}
{"date":"2024-04-08T22:04:09.320Z","url":"/signin","method":"POST"}
{"date":"2024-04-08T22:04:12.623Z","url":"/reviews","method":"GET"}
{"date":"2024-04-08T22:05:33.894Z","url":"/css/bootstrap.min.css.map","method":"GET"}
{"date":"2024-04-08T22:05:34.095Z","url":"/css/bootstrap.min.css.map","method":"GET"}
{"date":"2024-04-08T22:05:34.458Z","url":"/countries","method":"GET"}
{"date":"2024-04-08T22:05:34.552Z","url":"/grape","method":"GET"}
{"date":"2024-04-08T22:05:37.819Z","url":"/reviews","method":"GET"}
{"date":"2024-04-08T22:05:45.262Z","url":"/signin","method":"POST"}
{"date":"2024-04-08T22:05:47.480Z","url":"/reviews","method":"GET"}
{"date":"2024-04-08T22:11:27.505Z","url":"/css/bootstrap.min.css.map","method":"GET"}
{"date":"2024-04-08T22:11:27.706Z","url":"/css/bootstrap.min.css.map","method":"GET"}
{"date":"2024-04-08T22:11:27.920Z","url":"/countries","method":"GET"}
{"date":"2024-04-08T22:11:28.007Z","url":"/grape","method":"GET"}
{"date":"2024-04-08T22:11:38.403Z","url":"/reviews","method":"GET"}
{"date":"2024-04-08T22:11:44.416Z","url":"/signin","method":"POST"}
{"date":"2024-04-08T22:11:47.794Z","url":"/reviews","method":"GET"}
{"date":"2024-04-08T22:11:59.798Z","url":"/addReview2","method":"POST"}
{"date":"2024-04-08T22:13:02.871Z","url":"/css/bootstrap.min.css.map","method":"GET"}
{"date":"2024-04-08T22:13:03.027Z","url":"/css/bootstrap.min.css.map","method":"GET"}
{"date":"2024-04-08T22:13:03.394Z","url":"/countries","method":"GET"}
{"date":"2024-04-08T22:13:03.434Z","url":"/grape","method":"GET"}
{"date":"2024-04-08T22:13:06.555Z","url":"/reviews","method":"GET"}
{"date":"2024-04-08T22:13:10.768Z","url":"/signin","method":"POST"}
{"date":"2024-04-08T22:13:12.248Z","url":"/reviews","method":"GET"}
{"date":"2024-04-08T22:13:23.609Z","url":"/addReview2","method":"POST"}
{"date":"2024-04-08T22:17:11.920Z","url":"/css/bootstrap.min.css.map","method":"GET"}
{"date":"2024-04-08T22:17:12.110Z","url":"/css/bootstrap.min.css.map","method":"GET"}
{"date":"2024-04-08T22:17:12.283Z","url":"/countries","method":"GET"}
{"date":"2024-04-08T22:17:12.309Z","url":"/grape","method":"GET"}
{"date":"2024-04-08T22:17:16.410Z","url":"/reviews","method":"GET"}
{"date":"2024-04-08T22:17:20.738Z","url":"/signin","method":"POST"}
{"date":"2024-04-08T22:17:22.560Z","url":"/reviews","method":"GET"}
{"date":"2024-04-08T22:17:57.292Z","url":"/addReview2","method":"POST"}
{"date":"2024-04-08T22:18:10.116Z","url":"/reviews","method":"GET"}
{"date":"2024-04-08T22:18:11.579Z","url":"/reviews","method":"GET"}
{"date":"2024-04-08T22:18:20.066Z","url":"/reviews","method":"GET"}
{"date":"2024-04-08T22:21:39.070Z","url":"/css/bootstrap.min.css.map","method":"GET"}
{"date":"2024-04-08T22:21:39.212Z","url":"/css/bootstrap.min.css.map","method":"GET"}
{"date":"2024-04-08T22:21:39.469Z","url":"/countries","method":"GET"}
{"date":"2024-04-08T22:21:39.513Z","url":"/grape","method":"GET"}
{"date":"2024-04-08T22:21:45.221Z","url":"/reviews","method":"GET"}
{"date":"2024-04-08T22:21:50.613Z","url":"/signin","method":"POST"}
{"date":"2024-04-08T22:21:52.341Z","url":"/reviews","method":"GET"}
{"date":"2024-04-08T22:21:58.709Z","url":"/addReview2","method":"POST"}
{"date":"2024-04-08T22:22:23.993Z","url":"/reviews","method":"GET"}
{"date":"2024-04-08T22:26:06.420Z","url":"/css/bootstrap.min.css.map","method":"GET"}
{"date":"2024-04-08T22:26:06.626Z","url":"/css/bootstrap.min.css.map","method":"GET"}
{"date":"2024-04-08T22:26:06.792Z","url":"/countries","method":"GET"}
{"date":"2024-04-08T22:26:06.806Z","url":"/grape","method":"GET"}
{"date":"2024-04-08T22:26:10.271Z","url":"/reviews","method":"GET"}
{"date":"2024-04-08T22:26:15.302Z","url":"/signin","method":"POST"}
{"date":"2024-04-08T22:26:17.691Z","url":"/reviews","method":"GET"}
{"date":"2024-04-08T22:26:30.686Z","url":"/addReview2","method":"POST"}
{"date":"2024-04-08T22:29:17.504Z","url":"/css/bootstrap.min.css.map","method":"GET"}
{"date":"2024-04-08T22:29:17.721Z","url":"/css/bootstrap.min.css.map","method":"GET"}
{"date":"2024-04-08T22:29:17.877Z","url":"/countries","method":"GET"}
{"date":"2024-04-08T22:29:17.897Z","url":"/grape","method":"GET"}
{"date":"2024-04-08T22:29:21.785Z","url":"/reviews","method":"GET"}
{"date":"2024-04-08T22:29:26.399Z","url":"/signin","method":"POST"}
{"date":"2024-04-08T22:29:28.263Z","url":"/reviews","method":"GET"}
{"date":"2024-04-08T22:29:52.642Z","url":"/addReview2","method":"POST"}
{"date":"2024-04-08T22:29:52.695Z","url":"/reviews","method":"GET"}
{"date":"2024-04-08T22:29:59.742Z","url":"/signout","method":"POST"}
{"date":"2024-04-08T22:30:00.910Z","url":"/reviews","method":"GET"}
{"date":"2024-04-08T22:30:04.812Z","url":"/signin","method":"POST"}
{"date":"2024-04-08T22:30:08.323Z","url":"/reviews","method":"GET"}
{"date":"2024-04-08T22:30:32.882Z","url":"/addReview2","method":"POST"}
{"date":"2024-04-08T22:30:32.891Z","url":"/reviews","method":"GET"}
{"date":"2024-04-08T22:32:17.043Z","url":"/reviews","method":"GET"}
{"date":"2024-04-08T22:32:18.479Z","url":"/reviews","method":"GET"}
{"date":"2024-04-08T22:33:16.312Z","url":"/css/bootstrap.min.css.map","method":"GET"}
{"date":"2024-04-08T22:33:16.526Z","url":"/css/bootstrap.min.css.map","method":"GET"}
{"date":"2024-04-08T22:33:16.766Z","url":"/countries","method":"GET"}
{"date":"2024-04-08T22:33:16.781Z","url":"/grape","method":"GET"}
{"date":"2024-04-08T22:33:23.908Z","url":"/reviews","method":"GET"}
{"date":"2024-04-08T22:33:57.463Z","url":"/css/bootstrap.min.css.map","method":"GET"}
{"date":"2024-04-08T22:33:57.839Z","url":"/css/bootstrap.min.css.map","method":"GET"}
{"date":"2024-04-08T22:33:58.385Z","url":"/countries","method":"GET"}
{"date":"2024-04-08T22:33:58.430Z","url":"/grape","method":"GET"}
{"date":"2024-04-08T22:34:01.914Z","url":"/reviews","method":"GET"}
{"date":"2024-04-08T22:34:06.069Z","url":"/signin","method":"POST"}
{"date":"2024-04-08T22:34:09.448Z","url":"/reviews","method":"GET"}
{"date":"2024-04-08T22:34:26.029Z","url":"/addReview2","method":"POST"}
{"date":"2024-04-08T22:34:26.049Z","url":"/reviews","method":"GET"}
{"date":"2024-04-08T22:36:56.754Z","url":"/css/bootstrap.min.css.map","method":"GET"}
{"date":"2024-04-08T22:36:57.005Z","url":"/css/bootstrap.min.css.map","method":"GET"}
{"date":"2024-04-08T22:36:57.243Z","url":"/countries","method":"GET"}
{"date":"2024-04-08T22:36:57.288Z","url":"/grape","method":"GET"}
{"date":"2024-04-08T22:37:01.023Z","url":"/reviews","method":"GET"}
{"date":"2024-04-08T22:37:05.567Z","url":"/signin","method":"POST"}
{"date":"2024-04-08T22:37:07.136Z","url":"/reviews","method":"GET"}
{"date":"2024-04-08T22:37:21.019Z","url":"/addReview2","method":"POST"}
{"date":"2024-04-08T22:37:21.028Z","url":"/reviews","method":"GET"}
{"date":"2024-04-08T22:38:35.988Z","url":"/css/bootstrap.min.css.map","method":"GET"}
{"date":"2024-04-08T22:38:36.365Z","url":"/css/bootstrap.min.css.map","method":"GET"}
{"date":"2024-04-08T22:38:36.976Z","url":"/countries","method":"GET"}
{"date":"2024-04-08T22:38:37.059Z","url":"/grape","method":"GET"}
{"date":"2024-04-08T22:38:40.386Z","url":"/reviews","method":"GET"}
{"date":"2024-04-08T22:38:44.998Z","url":"/signin","method":"POST"}
{"date":"2024-04-08T22:38:48.914Z","url":"/reviews","method":"GET"}
{"date":"2024-04-08T22:39:01.883Z","url":"/addReview2","method":"POST"}
{"date":"2024-04-08T22:39:01.893Z","url":"/reviews","method":"GET"}
{"date":"2024-04-08T22:40:37.997Z","url":"/css/bootstrap.min.css.map","method":"GET"}
{"date":"2024-04-08T22:40:38.094Z","url":"/css/bootstrap.min.css.map","method":"GET"}
{"date":"2024-04-08T22:40:38.316Z","url":"/countries","method":"GET"}
{"date":"2024-04-08T22:40:38.354Z","url":"/grape","method":"GET"}
{"date":"2024-04-08T22:40:42.429Z","url":"/reviews","method":"GET"}
{"date":"2024-04-08T22:40:47.005Z","url":"/signin","method":"POST"}
{"date":"2024-04-08T22:40:49.379Z","url":"/reviews","method":"GET"}
{"date":"2024-04-08T22:41:00.688Z","url":"/addReview2","method":"POST"}
{"date":"2024-04-08T22:41:00.703Z","url":"/reviews","method":"GET"}
{"date":"2024-04-08T22:41:31.122Z","url":"/reviews","method":"GET"}
{"date":"2024-04-08T22:42:45.410Z","url":"/css/bootstrap.min.css.map","method":"GET"}
{"date":"2024-04-08T22:42:45.536Z","url":"/css/bootstrap.min.css.map","method":"GET"}
{"date":"2024-04-08T22:42:45.808Z","url":"/countries","method":"GET"}
{"date":"2024-04-08T22:42:45.838Z","url":"/grape","method":"GET"}
{"date":"2024-04-08T22:42:49.668Z","url":"/reviews","method":"GET"}
{"date":"2024-04-08T22:42:54.386Z","url":"/signin","method":"POST"}
{"date":"2024-04-08T22:42:56.809Z","url":"/reviews","method":"GET"}
{"date":"2024-04-08T22:43:08.663Z","url":"/addReview2","method":"POST"}
{"date":"2024-04-08T22:43:09.887Z","url":"/reviews","method":"GET"}
{"date":"2024-04-08T22:44:43.596Z","url":"/css/bootstrap.min.css.map","method":"GET"}
{"date":"2024-04-08T22:44:43.712Z","url":"/css/bootstrap.min.css.map","method":"GET"}
{"date":"2024-04-08T22:44:44.306Z","url":"/countries","method":"GET"}
{"date":"2024-04-08T22:44:44.320Z","url":"/grape","method":"GET"}
{"date":"2024-04-08T22:44:48.159Z","url":"/reviews","method":"GET"}
{"date":"2024-04-08T22:44:53.483Z","url":"/signin","method":"POST"}
{"date":"2024-04-08T22:44:55.496Z","url":"/reviews","method":"GET"}
{"date":"2024-04-08T22:45:16.318Z","url":"/css/bootstrap.min.css.map","method":"GET"}
{"date":"2024-04-08T22:45:16.506Z","url":"/css/bootstrap.min.css.map","method":"GET"}
{"date":"2024-04-08T22:45:16.781Z","url":"/countries","method":"GET"}
{"date":"2024-04-08T22:45:16.826Z","url":"/grape","method":"GET"}
{"date":"2024-04-08T22:45:20.274Z","url":"/reviews","method":"GET"}
{"date":"2024-04-08T22:45:25.928Z","url":"/signin","method":"POST"}
{"date":"2024-04-08T22:45:28.964Z","url":"/signin","method":"POST"}
{"date":"2024-04-08T22:45:30.820Z","url":"/reviews","method":"GET"}
{"date":"2024-04-08T22:46:25.734Z","url":"/reviews","method":"GET"}
{"date":"2024-04-08T23:04:38.910Z","url":"/css/bootstrap.min.css.map","method":"GET"}
{"date":"2024-04-08T23:04:39.062Z","url":"/css/bootstrap.min.css.map","method":"GET"}
{"date":"2024-04-08T23:04:39.315Z","url":"/countries","method":"GET"}
{"date":"2024-04-08T23:04:39.364Z","url":"/grape","method":"GET"}
{"date":"2024-04-08T23:04:42.764Z","url":"/reviews","method":"GET"}
{"date":"2024-04-08T23:04:46.997Z","url":"/signin","method":"POST"}
{"date":"2024-04-08T23:05:39.517Z","url":"/css/bootstrap.min.css.map","method":"GET"}
{"date":"2024-04-08T23:05:39.613Z","url":"/css/bootstrap.min.css.map","method":"GET"}
{"date":"2024-04-08T23:05:39.846Z","url":"/countries","method":"GET"}
{"date":"2024-04-08T23:05:39.864Z","url":"/grape","method":"GET"}
{"date":"2024-04-08T23:05:43.546Z","url":"/reviews","method":"GET"}
{"date":"2024-04-08T23:05:48.554Z","url":"/signin","method":"POST"}
{"date":"2024-04-08T23:05:52.403Z","url":"/reviews","method":"GET"}
{"date":"2024-04-08T23:06:18.916Z","url":"/css/bootstrap.min.css.map","method":"GET"}
{"date":"2024-04-08T23:06:19.064Z","url":"/css/bootstrap.min.css.map","method":"GET"}
{"date":"2024-04-08T23:06:19.241Z","url":"/countries","method":"GET"}
{"date":"2024-04-08T23:06:19.292Z","url":"/grape","method":"GET"}
{"date":"2024-04-08T23:06:23.153Z","url":"/reviews","method":"GET"}
{"date":"2024-04-08T23:06:27.189Z","url":"/signin","method":"POST"}
{"date":"2024-04-08T23:06:30.442Z","url":"/countries","method":"GET"}
{"date":"2024-04-08T23:06:31.836Z","url":"/wines","method":"GET"}
{"date":"2024-04-08T23:06:39.727Z","url":"/reviews","method":"GET"}
{"date":"2024-04-08T23:07:17.829Z","url":"/addReview2","method":"POST"}
{"date":"2024-04-08T23:07:18.812Z","url":"/reviews","method":"GET"}
{"date":"2024-04-08T23:07:40.791Z","url":"/addReview2","method":"POST"}
{"date":"2024-04-08T23:07:42.878Z","url":"/reviews","method":"GET"}
{"date":"2024-04-08T23:09:33.658Z","url":"/reviews","method":"GET"}
{"date":"2024-04-08T23:09:36.976Z","url":"/signout","method":"POST"}
{"date":"2024-04-08T23:09:37.857Z","url":"/reviews","method":"GET"}
{"date":"2024-04-08T23:09:48.373Z","url":"/signup","method":"POST"}
{"date":"2024-04-08T23:10:07.413Z","url":"/signup","method":"POST"}
{"date":"2024-04-08T23:11:02.954Z","url":"/signout","method":"POST"}
{"date":"2024-04-08T23:12:30.079Z","url":"/css/bootstrap.min.css.map","method":"GET"}
{"date":"2024-04-08T23:12:30.298Z","url":"/css/bootstrap.min.css.map","method":"GET"}
{"date":"2024-04-08T23:12:30.557Z","url":"/countries","method":"GET"}
{"date":"2024-04-08T23:12:30.563Z","url":"/grape","method":"GET"}
{"date":"2024-04-08T23:12:34.802Z","url":"/reviews","method":"GET"}
{"date":"2024-04-08T23:12:35.903Z","url":"/signup","method":"POST"}
{"date":"2024-04-08T23:12:55.356Z","url":"/signout","method":"POST"}
{"date":"2024-04-08T23:15:15.404Z","url":"/css/bootstrap.min.css.map","method":"GET"}
{"date":"2024-04-08T23:15:15.483Z","url":"/css/bootstrap.min.css.map","method":"GET"}
{"date":"2024-04-08T23:15:15.660Z","url":"/countries","method":"GET"}
{"date":"2024-04-08T23:15:15.678Z","url":"/grape","method":"GET"}
{"date":"2024-04-08T23:15:19.090Z","url":"/reviews","method":"GET"}
{"date":"2024-04-08T23:15:20.165Z","url":"/signup","method":"POST"}
{"date":"2024-04-08T23:21:10.991Z","url":"/css/bootstrap.min.css.map","method":"GET"}
{"date":"2024-04-08T23:21:11.365Z","url":"/css/bootstrap.min.css.map","method":"GET"}
{"date":"2024-04-08T23:21:11.579Z","url":"/countries","method":"GET"}
{"date":"2024-04-08T23:21:11.593Z","url":"/grape","method":"GET"}
{"date":"2024-04-08T23:21:15.431Z","url":"/reviews","method":"GET"}
{"date":"2024-04-08T23:21:17.395Z","url":"/signup","method":"POST"}
{"date":"2024-04-08T23:21:30.313Z","url":"/reviews","method":"GET"}
{"date":"2024-04-08T23:21:33.049Z","url":"/reviews","method":"GET"}
{"date":"2024-04-08T23:21:33.946Z","url":"/reviews","method":"GET"}
{"date":"2024-04-08T23:23:34.643Z","url":"/css/bootstrap.min.css.map","method":"GET"}
{"date":"2024-04-08T23:23:34.798Z","url":"/css/bootstrap.min.css.map","method":"GET"}
{"date":"2024-04-08T23:23:35.019Z","url":"/countries","method":"GET"}
{"date":"2024-04-08T23:23:35.036Z","url":"/grape","method":"GET"}
{"date":"2024-04-08T23:23:44.380Z","url":"/signin","method":"POST"}
{"date":"2024-04-08T23:23:58.572Z","url":"/css/bootstrap.min.css.map","method":"GET"}
{"date":"2024-04-08T23:23:59.136Z","url":"/css/bootstrap.min.css.map","method":"GET"}
{"date":"2024-04-08T23:23:59.815Z","url":"/countries","method":"GET"}
{"date":"2024-04-08T23:23:59.903Z","url":"/grape","method":"GET"}
{"date":"2024-04-08T23:24:06.868Z","url":"/reviews","method":"GET"}
{"date":"2024-04-08T23:24:11.072Z","url":"/signin","method":"POST"}
{"date":"2024-04-08T23:24:12.840Z","url":"/reviews","method":"GET"}
{"date":"2024-04-08T23:24:14.324Z","url":"/reviews","method":"GET"}
{"date":"2024-04-08T23:25:23.104Z","url":"/css/bootstrap.min.css.map","method":"GET"}
{"date":"2024-04-08T23:25:23.256Z","url":"/css/bootstrap.min.css.map","method":"GET"}
{"date":"2024-04-08T23:25:23.465Z","url":"/countries","method":"GET"}
{"date":"2024-04-08T23:25:23.483Z","url":"/grape","method":"GET"}
{"date":"2024-04-08T23:25:27.314Z","url":"/reviews","method":"GET"}
{"date":"2024-04-08T23:25:29.115Z","url":"/signup","method":"POST"}
{"date":"2024-04-08T23:25:30.696Z","url":"/reviews","method":"GET"}
{"date":"2024-04-08T23:26:51.374Z","url":"/css/bootstrap.min.css.map","method":"GET"}
{"date":"2024-04-08T23:26:51.660Z","url":"/countries","method":"GET"}
{"date":"2024-04-08T23:26:51.877Z","url":"/grape","method":"GET"}
{"date":"2024-04-08T23:26:55.441Z","url":"/reviews","method":"GET"}
{"date":"2024-04-08T23:26:56.718Z","url":"/signup","method":"POST"}
{"date":"2024-04-08T23:26:58.076Z","url":"/reviews","method":"GET"}
{"date":"2024-04-08T23:27:00.448Z","url":"/signup","method":"POST"}
{"date":"2024-04-08T23:27:01.745Z","url":"/reviews","method":"GET"}
{"date":"2024-04-08T23:28:19.661Z","url":"/signup","method":"POST"}
{"date":"2024-04-08T23:28:30.278Z","url":"/signup","method":"POST"}
{"date":"2024-04-08T23:28:50.926Z","url":"/reviews","method":"GET"}
{"date":"2024-04-08T23:28:52.492Z","url":"/signup","method":"POST"}
{"date":"2024-04-08T23:30:03.259Z","url":"/css/bootstrap.min.css.map","method":"GET"}
{"date":"2024-04-08T23:30:03.446Z","url":"/css/bootstrap.min.css.map","method":"GET"}
{"date":"2024-04-08T23:30:03.550Z","url":"/countries","method":"GET"}
{"date":"2024-04-08T23:30:03.564Z","url":"/grape","method":"GET"}
{"date":"2024-04-08T23:30:06.873Z","url":"/reviews","method":"GET"}
{"date":"2024-04-08T23:30:11.759Z","url":"/signup","method":"POST"}
{"date":"2024-04-08T23:33:53.634Z","url":"/css/bootstrap.min.css.map","method":"GET"}
{"date":"2024-04-08T23:33:53.956Z","url":"/css/bootstrap.min.css.map","method":"GET"}
{"date":"2024-04-08T23:33:54.111Z","url":"/countries","method":"GET"}
{"date":"2024-04-08T23:33:54.242Z","url":"/grape","method":"GET"}
{"date":"2024-04-08T23:33:57.448Z","url":"/reviews","method":"GET"}
{"date":"2024-04-08T23:34:02.960Z","url":"/signup","method":"POST"}
{"date":"2024-04-08T23:34:17.463Z","url":"/signup","method":"POST"}
{"date":"2024-04-08T23:35:10.590Z","url":"/signout","method":"POST"}
{"date":"2024-04-08T23:35:11.693Z","url":"/reviews","method":"GET"}
{"date":"2024-04-08T23:35:19.240Z","url":"/signup","method":"POST"}
{"date":"2024-04-08T23:36:37.570Z","url":"/css/bootstrap.min.css.map","method":"GET"}
{"date":"2024-04-08T23:36:37.998Z","url":"/css/bootstrap.min.css.map","method":"GET"}
{"date":"2024-04-08T23:36:38.286Z","url":"/countries","method":"GET"}
{"date":"2024-04-08T23:36:38.307Z","url":"/grape","method":"GET"}
{"date":"2024-04-08T23:36:41.759Z","url":"/reviews","method":"GET"}
{"date":"2024-04-08T23:42:56.228Z","url":"/css/bootstrap.min.css.map","method":"GET"}
{"date":"2024-04-08T23:42:56.485Z","url":"/css/bootstrap.min.css.map","method":"GET"}
{"date":"2024-04-08T23:42:56.624Z","url":"/countries","method":"GET"}
{"date":"2024-04-08T23:42:56.638Z","url":"/grape","method":"GET"}
{"date":"2024-04-08T23:42:59.722Z","url":"/reviews","method":"GET"}
{"date":"2024-04-08T23:43:37.423Z","url":"/css/bootstrap.min.css.map","method":"GET"}
{"date":"2024-04-08T23:43:37.969Z","url":"/css/bootstrap.min.css.map","method":"GET"}
{"date":"2024-04-08T23:43:38.555Z","url":"/countries","method":"GET"}
{"date":"2024-04-08T23:43:38.880Z","url":"/grape","method":"GET"}
{"date":"2024-04-08T23:43:42.155Z","url":"/reviews","method":"GET"}
{"date":"2024-04-08T23:44:04.019Z","url":"/signup","method":"POST"}
{"date":"2024-04-08T23:45:25.141Z","url":"/signout","method":"POST"}
{"date":"2024-04-08T23:45:26.757Z","url":"/reviews","method":"GET"}
{"date":"2024-04-08T23:45:43.228Z","url":"/signin","method":"POST"}
{"date":"2024-04-08T23:48:28.590Z","url":"/signin","method":"POST"}
{"date":"2024-04-08T23:50:09.594Z","url":"/reviews","method":"GET"}
{"date":"2024-04-08T23:50:44.043Z","url":"/css/bootstrap.min.css.map","method":"GET"}
{"date":"2024-04-08T23:50:44.303Z","url":"/css/bootstrap.min.css.map","method":"GET"}
{"date":"2024-04-08T23:50:44.640Z","url":"/countries","method":"GET"}
{"date":"2024-04-08T23:50:44.647Z","url":"/grape","method":"GET"}
{"date":"2024-04-08T23:50:48.922Z","url":"/reviews","method":"GET"}
{"date":"2024-04-08T23:50:54.003Z","url":"/signin","method":"POST"}
{"date":"2024-04-08T23:50:57.723Z","url":"/reviews","method":"GET"}
{"date":"2024-04-09T01:01:06.424Z","url":"/css/bootstrap.min.css.map","method":"GET"}
{"date":"2024-04-09T01:01:06.670Z","url":"/css/bootstrap.min.css.map","method":"GET"}
{"date":"2024-04-09T01:01:06.816Z","url":"/countries","method":"GET"}
{"date":"2024-04-09T01:01:06.901Z","url":"/grape","method":"GET"}
{"date":"2024-04-09T01:02:01.590Z","url":"/css/bootstrap.min.css.map","method":"GET"}
{"date":"2024-04-09T01:02:01.944Z","url":"/countries","method":"GET"}
{"date":"2024-04-09T01:02:02.053Z","url":"/grape","method":"GET"}
{"date":"2024-04-09T01:02:35.208Z","url":"/css/bootstrap.min.css.map","method":"GET"}
{"date":"2024-04-09T01:02:35.287Z","url":"/grape","method":"GET"}
{"date":"2024-04-09T01:02:35.303Z","url":"/countries","method":"GET"}
{"date":"2024-04-09T01:02:59.588Z","url":"/css/bootstrap.min.css.map","method":"GET"}
{"date":"2024-04-09T01:02:59.709Z","url":"/grape","method":"GET"}
{"date":"2024-04-09T01:02:59.714Z","url":"/countries","method":"GET"}
{"date":"2024-04-09T01:03:22.042Z","url":"/css/bootstrap.min.css.map","method":"GET"}
{"date":"2024-04-09T01:03:22.149Z","url":"/grape","method":"GET"}
{"date":"2024-04-09T01:03:22.223Z","url":"/countries","method":"GET"}
{"date":"2024-04-09T01:03:45.224Z","url":"/css/bootstrap.min.css.map","method":"GET"}
{"date":"2024-04-09T01:03:45.333Z","url":"/countries","method":"GET"}
{"date":"2024-04-09T01:03:45.337Z","url":"/grape","method":"GET"}
{"date":"2024-04-09T01:04:51.982Z","url":"/css/bootstrap.min.css.map","method":"GET"}
{"date":"2024-04-09T01:04:52.055Z","url":"/countries","method":"GET"}
{"date":"2024-04-09T01:04:52.059Z","url":"/grape","method":"GET"}
{"date":"2024-04-09T01:05:37.801Z","url":"/css/bootstrap.min.css.map","method":"GET"}
{"date":"2024-04-09T01:05:37.926Z","url":"/countries","method":"GET"}
{"date":"2024-04-09T01:05:37.932Z","url":"/grape","method":"GET"}
{"date":"2024-04-09T01:06:00.289Z","url":"/css/bootstrap.min.css.map","method":"GET"}
{"date":"2024-04-09T01:06:00.357Z","url":"/countries","method":"GET"}
{"date":"2024-04-09T01:06:00.360Z","url":"/grape","method":"GET"}
{"date":"2024-04-09T01:06:19.120Z","url":"/css/bootstrap.min.css.map","method":"GET"}
{"date":"2024-04-09T01:06:19.178Z","url":"/countries","method":"GET"}
{"date":"2024-04-09T01:06:19.179Z","url":"/grape","method":"GET"}
{"date":"2024-04-09T01:23:23.978Z","url":"/css/bootstrap.min.css.map","method":"GET"}
{"date":"2024-04-09T01:23:24.010Z","url":"/countries","method":"GET"}
{"date":"2024-04-09T01:23:24.053Z","url":"/grape","method":"GET"}
{"date":"2024-04-09T01:24:01.598Z","url":"/css/bootstrap.min.css.map","method":"GET"}
{"date":"2024-04-09T01:24:01.764Z","url":"/countries","method":"GET"}
{"date":"2024-04-09T01:24:01.772Z","url":"/grape","method":"GET"}
{"date":"2024-04-09T01:24:16.442Z","url":"/css/bootstrap.min.css.map","method":"GET"}
{"date":"2024-04-09T01:24:16.564Z","url":"/countries","method":"GET"}
{"date":"2024-04-09T01:24:16.578Z","url":"/grape","method":"GET"}
{"date":"2024-04-09T01:24:55.967Z","url":"/css/bootstrap.min.css.map","method":"GET"}
{"date":"2024-04-09T01:24:56.059Z","url":"/countries","method":"GET"}
{"date":"2024-04-09T01:24:56.062Z","url":"/grape","method":"GET"}
{"date":"2024-04-09T01:25:15.685Z","url":"/css/bootstrap.min.css.map","method":"GET"}
{"date":"2024-04-09T01:25:15.834Z","url":"/grape","method":"GET"}
{"date":"2024-04-09T01:25:15.854Z","url":"/countries","method":"GET"}
{"date":"2024-04-09T01:25:36.941Z","url":"/css/bootstrap.min.css.map","method":"GET"}
{"date":"2024-04-09T01:25:37.002Z","url":"/countries","method":"GET"}
{"date":"2024-04-09T01:25:37.003Z","url":"/grape","method":"GET"}
{"date":"2024-04-09T01:26:24.499Z","url":"/css/bootstrap.min.css.map","method":"GET"}
{"date":"2024-04-09T01:26:24.559Z","url":"/countries","method":"GET"}
{"date":"2024-04-09T01:26:24.561Z","url":"/grape","method":"GET"}
{"date":"2024-04-09T01:27:24.243Z","url":"/css/bootstrap.min.css.map","method":"GET"}
{"date":"2024-04-09T01:27:24.244Z","url":"/countries","method":"GET"}
{"date":"2024-04-09T01:27:24.247Z","url":"/grape","method":"GET"}
{"date":"2024-04-09T01:27:43.374Z","url":"/countries","method":"GET"}
{"date":"2024-04-09T01:27:43.377Z","url":"/grape","method":"GET"}
{"date":"2024-04-09T01:27:43.379Z","url":"/css/bootstrap.min.css.map","method":"GET"}
{"date":"2024-04-09T01:28:05.574Z","url":"/reviews","method":"GET"}
{"date":"2024-04-09T01:28:06.525Z","url":"/reviews","method":"GET"}
{"date":"2024-04-09T01:33:14.779Z","url":"/Home","method":"GET"}
{"date":"2024-04-09T01:33:19.715Z","url":"/css/bootstrap.min.css.map","method":"GET"}
{"date":"2024-04-09T01:33:19.946Z","url":"/countries","method":"GET"}
{"date":"2024-04-09T01:33:19.971Z","url":"/grape","method":"GET"}
{"date":"2024-04-09T01:33:23.667Z","url":"/reviews","method":"GET"}
{"date":"2024-04-09T01:33:32.326Z","url":"/reviews","method":"GET"}
{"date":"2024-04-09T01:39:49.430Z","url":"/css/bootstrap.min.css.map","method":"GET"}
{"date":"2024-04-09T01:39:50.108Z","url":"/css/bootstrap.min.css.map","method":"GET"}
{"date":"2024-04-09T01:39:50.495Z","url":"/countries","method":"GET"}
{"date":"2024-04-09T01:39:50.575Z","url":"/grape","method":"GET"}
{"date":"2024-04-09T01:39:54.459Z","url":"/reviews","method":"GET"}
{"date":"2024-04-09T01:40:22.136Z","url":"/css/bootstrap.min.css.map","method":"GET"}
{"date":"2024-04-09T01:40:22.301Z","url":"/css/bootstrap.min.css.map","method":"GET"}
{"date":"2024-04-09T01:40:22.381Z","url":"/countries","method":"GET"}
{"date":"2024-04-09T01:40:22.401Z","url":"/grape","method":"GET"}
{"date":"2024-04-09T01:40:25.933Z","url":"/reviews","method":"GET"}
{"date":"2024-04-09T01:40:29.307Z","url":"/reviews","method":"GET"}
{"date":"2024-04-09T01:40:32.844Z","url":"/reviews","method":"GET"}
{"date":"2024-04-09T01:44:37.367Z","url":"/css/bootstrap.min.css.map","method":"GET"}
{"date":"2024-04-09T01:44:37.542Z","url":"/css/bootstrap.min.css.map","method":"GET"}
{"date":"2024-04-09T01:44:37.599Z","url":"/countries","method":"GET"}
{"date":"2024-04-09T01:44:37.604Z","url":"/grape","method":"GET"}
{"date":"2024-04-09T01:44:41.225Z","url":"/reviews","method":"GET"}
{"date":"2024-04-09T01:44:45.839Z","url":"/reviews","method":"GET"}
{"date":"2024-04-09T01:44:48.193Z","url":"/reviews","method":"GET"}
{"date":"2024-04-09T01:44:50.114Z","url":"/reviews","method":"GET"}
{"date":"2024-04-09T01:44:51.038Z","url":"/reviews","method":"GET"}
{"date":"2024-04-09T01:44:53.839Z","url":"/reviews","method":"GET"}
{"date":"2024-04-09T01:44:56.555Z","url":"/reviews","method":"GET"}
{"date":"2024-04-09T01:45:04.561Z","url":"/signin","method":"POST"}
{"date":"2024-04-09T01:50:16.463Z","url":"/css/bootstrap.min.css.map","method":"GET"}
{"date":"2024-04-09T01:50:16.892Z","url":"/css/bootstrap.min.css.map","method":"GET"}
{"date":"2024-04-09T01:50:16.894Z","url":"/countries","method":"GET"}
{"date":"2024-04-09T01:50:16.913Z","url":"/grape","method":"GET"}
{"date":"2024-04-09T01:50:20.639Z","url":"/reviews","method":"GET"}
{"date":"2024-04-09T01:50:25.621Z","url":"/signin","method":"POST"}
{"date":"2024-04-09T01:53:59.805Z","url":"/reviews","method":"GET"}
{"date":"2024-04-09T01:54:02.866Z","url":"/reviews","method":"GET"}
{"date":"2024-04-09T02:00:09.415Z","url":"/css/bootstrap.min.css.map","method":"GET"}
{"date":"2024-04-09T02:00:09.636Z","url":"/css/bootstrap.min.css.map","method":"GET"}
{"date":"2024-04-09T02:00:09.800Z","url":"/countries","method":"GET"}
{"date":"2024-04-09T02:00:09.914Z","url":"/grape","method":"GET"}
{"date":"2024-04-09T02:00:13.502Z","url":"/reviews","method":"GET"}
{"date":"2024-04-09T02:00:14.387Z","url":"/reviews","method":"GET"}
{"date":"2024-04-09T02:00:19.483Z","url":"/signin","method":"POST"}
{"date":"2024-04-09T02:00:21.185Z","url":"/reviews","method":"GET"}
{"date":"2024-04-09T02:00:31.696Z","url":"/reviews","method":"GET"}
{"date":"2024-04-09T02:22:49.548Z","url":"/css/bootstrap.min.css.map","method":"GET"}
{"date":"2024-04-09T02:22:49.766Z","url":"/css/bootstrap.min.css.map","method":"GET"}
{"date":"2024-04-09T02:22:49.953Z","url":"/countries","method":"GET"}
{"date":"2024-04-09T02:22:49.988Z","url":"/grape","method":"GET"}
{"date":"2024-04-09T02:22:53.728Z","url":"/reviews","method":"GET"}
{"date":"2024-04-09T02:23:00.136Z","url":"/signin","method":"POST"}
{"date":"2024-04-09T02:23:02.042Z","url":"/reviews","method":"GET"}
{"date":"2024-04-09T02:44:31.286Z","url":"/css/bootstrap.min.css.map","method":"GET"}
{"date":"2024-04-09T02:44:32.130Z","url":"/css/bootstrap.min.css.map","method":"GET"}
{"date":"2024-04-09T02:44:32.543Z","url":"/countries","method":"GET"}
{"date":"2024-04-09T02:44:32.626Z","url":"/grape","method":"GET"}
{"date":"2024-04-09T02:44:37.377Z","url":"/reviews","method":"GET"}
{"date":"2024-04-09T02:44:45.243Z","url":"/signin","method":"POST"}
{"date":"2024-04-09T02:44:49.118Z","url":"/reviews","method":"GET"}
{"date":"2024-04-09T02:44:59.235Z","url":"/reviews","method":"GET"}
{"date":"2024-04-09T02:45:03.180Z","url":"/reviews","method":"GET"}
{"date":"2024-04-09T02:45:05.830Z","url":"/reviews","method":"GET"}
{"date":"2024-04-09T02:45:07.764Z","url":"/reviews","method":"GET"}
{"date":"2024-04-09T02:45:09.480Z","url":"/signout","method":"POST"}
{"date":"2024-04-09T02:45:10.444Z","url":"/reviews","method":"GET"}
{"date":"2024-04-09T02:45:11.657Z","url":"/reviews","method":"GET"}
